Using pre-set license
Built from '2022.3/staging' branch; Version is '2022.3.40f1 (cbdda657d2f0) revision 13360550'; Using compiler version '192829333'; Build Type 'Release'
OS: 'Windows 11  (10.0.26100) 64bit Core' Language: 'ru' Physical Memory: 16225 MB
BatchMode: 1, IsHumanControllingUs: 0, StartBugReporterOnCrash: 0, Is64bit: 1, IsPro: 1

COMMAND LINE ARGUMENTS:
C:\Program Files\Unity\Hub\Editor\2022.3.40f1\Editor\Unity.exe
-adb2
-batchMode
-noUpm
-name
AssetImportWorker0
-projectPath
C:/Users/hordi/Documents/GitHub/NetworkFPSHordiii/Shooter with multiplayer
-logFile
Logs/AssetImportWorker0.log
-srvPort
52791
Successfully changed project path to: C:/Users/hordi/Documents/GitHub/NetworkFPSHordiii/Shooter with multiplayer
C:/Users/hordi/Documents/GitHub/NetworkFPSHordiii/Shooter with multiplayer
[UnityMemory] Configuration Parameters - Can be set up in boot.config
    "memorysetup-bucket-allocator-granularity=16"
    "memorysetup-bucket-allocator-bucket-count=8"
    "memorysetup-bucket-allocator-block-size=33554432"
    "memorysetup-bucket-allocator-block-count=8"
    "memorysetup-main-allocator-block-size=16777216"
    "memorysetup-thread-allocator-block-size=16777216"
    "memorysetup-gfx-main-allocator-block-size=16777216"
    "memorysetup-gfx-thread-allocator-block-size=16777216"
    "memorysetup-cache-allocator-block-size=4194304"
    "memorysetup-typetree-allocator-block-size=2097152"
    "memorysetup-profiler-bucket-allocator-granularity=16"
    "memorysetup-profiler-bucket-allocator-bucket-count=8"
    "memorysetup-profiler-bucket-allocator-block-size=33554432"
    "memorysetup-profiler-bucket-allocator-block-count=8"
    "memorysetup-profiler-allocator-block-size=16777216"
    "memorysetup-profiler-editor-allocator-block-size=1048576"
    "memorysetup-temp-allocator-size-main=16777216"
    "memorysetup-job-temp-allocator-block-size=2097152"
    "memorysetup-job-temp-allocator-block-size-background=1048576"
    "memorysetup-job-temp-allocator-reduction-small-platforms=262144"
    "memorysetup-allocator-temp-initial-block-size-main=262144"
    "memorysetup-allocator-temp-initial-block-size-worker=262144"
    "memorysetup-temp-allocator-size-background-worker=32768"
    "memorysetup-temp-allocator-size-job-worker=262144"
    "memorysetup-temp-allocator-size-preload-manager=33554432"
    "memorysetup-temp-allocator-size-nav-mesh-worker=65536"
    "memorysetup-temp-allocator-size-audio-worker=65536"
    "memorysetup-temp-allocator-size-cloud-worker=32768"
    "memorysetup-temp-allocator-size-gi-baking-worker=262144"
    "memorysetup-temp-allocator-size-gfx=262144"
Player connection [40796]  Target information:

Player connection [40796]  * "[IP] 26.220.233.174 [Port] 0 [Flags] 2 [Guid] 794899505 [EditorId] 794899505 [Version] 1048832 [Id] WindowsEditor(7,DESKTOP-9MB9LJ6) [Debug] 1 [PackageName] WindowsEditor [ProjectName] Editor" 

Player connection [40796]  * "[IP] 192.168.178.22 [Port] 0 [Flags] 2 [Guid] 794899505 [EditorId] 794899505 [Version] 1048832 [Id] WindowsEditor(7,DESKTOP-9MB9LJ6) [Debug] 1 [PackageName] WindowsEditor [ProjectName] Editor" 

Player connection [40796] Host joined multi-casting on [225.0.0.222:54997]...
Player connection [40796] Host joined alternative multi-casting on [225.0.0.222:34997]...
[PhysX] Initialized MultithreadedTaskDispatcher with 8 workers.
Refreshing native plugins compatible for Editor in 42.17 ms, found 3 plugins.
Preloading 0 native plugins for Editor in 0.00 ms.
Initialize engine version: 2022.3.40f1 (cbdda657d2f0)
[Subsystems] Discovering subsystems at path C:/Program Files/Unity/Hub/Editor/2022.3.40f1/Editor/Data/Resources/UnitySubsystems
[Subsystems] Discovering subsystems at path C:/Users/hordi/Documents/GitHub/NetworkFPSHordiii/Shooter with multiplayer/Assets
GfxDevice: creating device client; threaded=0; jobified=0
Direct3D:
    Version:  Direct3D 11.0 [level 11.1]
    Renderer: NVIDIA GeForce GTX 1650 (ID=0x1f91)
    Vendor:   NVIDIA
    VRAM:     3935 MB
    Driver:   32.0.15.6081
Initialize mono
Mono path[0] = 'C:/Program Files/Unity/Hub/Editor/2022.3.40f1/Editor/Data/Managed'
Mono path[1] = 'C:/Program Files/Unity/Hub/Editor/2022.3.40f1/Editor/Data/MonoBleedingEdge/lib/mono/unityjit-win32'
Mono config path = 'C:/Program Files/Unity/Hub/Editor/2022.3.40f1/Editor/Data/MonoBleedingEdge/etc'
Using monoOptions --debugger-agent=transport=dt_socket,embedding=1,server=y,suspend=n,address=127.0.0.1:56176
Begin MonoManager ReloadAssembly
Registering precompiled unity dll's ...
Register platform support module: C:/Program Files/Unity/Hub/Editor/2022.3.40f1/Editor/Data/PlaybackEngines/AndroidPlayer/UnityEditor.Android.Extensions.dll
Register platform support module: C:/Program Files/Unity/Hub/Editor/2022.3.40f1/Editor/Data/PlaybackEngines/WindowsStandaloneSupport/UnityEditor.WindowsStandalone.Extensions.dll
Registered in 0.031640 seconds.
- Loaded All Assemblies, in  1.570 seconds
Native extension for WindowsStandalone target not found
Native extension for Android target not found
Android Extension - Scanning For ADB Devices 1009 ms
Mono: successfully reloaded assembly
- Finished resetting the current domain, in  2.157 seconds
Domain Reload Profiling: 3718ms
	BeginReloadAssembly (418ms)
		ExecutionOrderSort (0ms)
		DisableScriptedObjects (0ms)
		BackupInstance (0ms)
		ReleaseScriptingObjects (0ms)
		CreateAndSetChildDomain (2ms)
	RebuildCommonClasses (148ms)
	RebuildNativeTypeToScriptingClass (35ms)
	initialDomainReloadingComplete (280ms)
	LoadAllAssembliesAndSetupDomain (678ms)
		LoadAssemblies (409ms)
		RebuildTransferFunctionScriptingTraits (0ms)
		AnalyzeDomain (671ms)
			TypeCache.Refresh (667ms)
				TypeCache.ScanAssembly (617ms)
			ScanForSourceGeneratedMonoScriptInfo (2ms)
			ResolveRequiredComponents (1ms)
	FinalizeReload (2158ms)
		ReleaseScriptCaches (0ms)
		RebuildScriptCaches (0ms)
		SetupLoadedEditorAssemblies (2005ms)
			LogAssemblyErrors (0ms)
			InitializePlatformSupportModulesInManaged (1459ms)
			SetLoadedEditorAssemblies (10ms)
			RefreshPlugins (0ms)
			BeforeProcessingInitializeOnLoad (5ms)
			ProcessInitializeOnLoadAttributes (381ms)
			ProcessInitializeOnLoadMethodAttributes (150ms)
			AfterProcessingInitializeOnLoad (0ms)
			EditorAssembliesLoaded (0ms)
		ExecutionOrderSort2 (0ms)
		AwakeInstancesAfterBackupRestoration (0ms)
========================================================================
Worker process is ready to serve import requests
Caller must complete domain reload
Begin MonoManager ReloadAssembly
- Loaded All Assemblies, in  5.040 seconds
Native extension for WindowsStandalone target not found
Native extension for Android target not found
Mono: successfully reloaded assembly
- Finished resetting the current domain, in  8.987 seconds
Domain Reload Profiling: 14007ms
	BeginReloadAssembly (637ms)
		ExecutionOrderSort (0ms)
		DisableScriptedObjects (18ms)
		BackupInstance (0ms)
		ReleaseScriptingObjects (0ms)
		CreateAndSetChildDomain (90ms)
	RebuildCommonClasses (143ms)
	RebuildNativeTypeToScriptingClass (38ms)
	initialDomainReloadingComplete (219ms)
	LoadAllAssembliesAndSetupDomain (3982ms)
		LoadAssemblies (1605ms)
		RebuildTransferFunctionScriptingTraits (0ms)
		AnalyzeDomain (2743ms)
			TypeCache.Refresh (2219ms)
				TypeCache.ScanAssembly (1641ms)
			ScanForSourceGeneratedMonoScriptInfo (331ms)
			ResolveRequiredComponents (186ms)
	FinalizeReload (8989ms)
		ReleaseScriptCaches (0ms)
		RebuildScriptCaches (0ms)
		SetupLoadedEditorAssemblies (7801ms)
			LogAssemblyErrors (0ms)
			InitializePlatformSupportModulesInManaged (324ms)
			SetLoadedEditorAssemblies (12ms)
			RefreshPlugins (0ms)
			BeforeProcessingInitializeOnLoad (942ms)
			ProcessInitializeOnLoadAttributes (6166ms)
			ProcessInitializeOnLoadMethodAttributes (312ms)
			AfterProcessingInitializeOnLoad (44ms)
			EditorAssembliesLoaded (0ms)
		ExecutionOrderSort2 (0ms)
		AwakeInstancesAfterBackupRestoration (45ms)
Launched and connected shader compiler UnityShaderCompiler.exe after 0.32 seconds
Refreshing native plugins compatible for Editor in 13.36 ms, found 3 plugins.
Preloading 0 native plugins for Editor in 0.00 ms.
Unloading 3714 Unused Serialized files (Serialized files now loaded: 0)
Unloading 23 unused Assets / (121.2 KB). Loaded Objects now: 4183.
Memory consumption went from 149.1 MB to 149.0 MB.
Total: 19.587500 ms (FindLiveObjects: 0.722400 ms CreateObjectMapping: 0.750600 ms MarkObjects: 17.837000 ms  DeleteObjects: 0.275300 ms)

AssetImportParameters requested are different than current active one (requested -> active):
  custom:container-demuxer-ogg: 62fdf1f143b41e24485cea50d1cbac27 -> 
  custom:video-decoder-ogg-theora: a1e56fd34408186e4bbccfd4996cb3dc -> 
  custom:framework-win-MediaFoundation: 216162199b28c13a410421893ffa2e32 -> 
  custom:CustomObjectIndexerAttribute: 9a22284fe3817be447336de3de66b15e -> 
  custom:container-demuxer-webm: 4f35f7cbe854078d1ac9338744f61a02 -> 
  custom:container-muxer-webm: aa71ff27fc2769a1b78a27578f13a17b -> 
  custom:video-decoder-webm-vp8: 9c59270c3fd7afecdb556c50c9e8de78 -> 
  custom:SearchIndexIgnoredProperties: e643bd26f0fe6173181afceb89e7c659 -> 
  custom:AudioImporter_EditorPlatform: d09bf68614088b80899f8185d706f6e7 -> 
  custom:video-encoder-webm-vp8: eb34c28f22e8b96e1ab97ce403110664 -> 
  custom:audio-decoder-ogg-vorbis: bf7c407c2cedff20999df2af8eb42d56 -> 
  custom:audio-encoder-webm-vorbis: bf7c407c2cedff20999df2af8eb42d56 -> 
========================================================================
Received Import Request.
  Time since last request: 488713.978066 seconds.
  path: Assets/Scripts/ConnectionToServer.cs
  artifactKey: Guid(7809a47f4af51474086c5e81dd0a7909) Importer(815301076,1909f56bfc062723c751e8b465ee728b)
Start importing Assets/Scripts/ConnectionToServer.cs using Guid(7809a47f4af51474086c5e81dd0a7909) Importer(815301076,1909f56bfc062723c751e8b465ee728b) [PhysX] Initialized MultithreadedTaskDispatcher with 8 workers.
 -> (artifact id: '308fa0f5c61ef3ab4bf0961686d1e0d8') in 0.008890 seconds
Number of updated asset objects reloaded before import = 0
Number of asset objects unloaded after import = 0
========================================================================
Received Import Request.
  Time since last request: 175.526261 seconds.
  path: Assets/Scripts/ConnectionToServer.cs
  artifactKey: Guid(7809a47f4af51474086c5e81dd0a7909) Importer(815301076,1909f56bfc062723c751e8b465ee728b)
Start importing Assets/Scripts/ConnectionToServer.cs using Guid(7809a47f4af51474086c5e81dd0a7909) Importer(815301076,1909f56bfc062723c751e8b465ee728b) [PhysX] Initialized MultithreadedTaskDispatcher with 8 workers.
 -> (artifact id: 'cb6280b084c07b6a8a43c45287c1441f') in 0.011858 seconds
Number of updated asset objects reloaded before import = 0
Number of asset objects unloaded after import = 0
========================================================================
Received Prepare
Caller must complete domain reload
Begin MonoManager ReloadAssembly
- Loaded All Assemblies, in  3.456 seconds
Native extension for WindowsStandalone target not found
Native extension for Android target not found
Mono: successfully reloaded assembly
- Finished resetting the current domain, in  7.114 seconds
Domain Reload Profiling: 10560ms
	BeginReloadAssembly (1446ms)
		ExecutionOrderSort (0ms)
		DisableScriptedObjects (19ms)
		BackupInstance (0ms)
		ReleaseScriptingObjects (0ms)
		CreateAndSetChildDomain (162ms)
	RebuildCommonClasses (489ms)
	RebuildNativeTypeToScriptingClass (94ms)
	initialDomainReloadingComplete (218ms)
	LoadAllAssembliesAndSetupDomain (1190ms)
		LoadAssemblies (2183ms)
		RebuildTransferFunctionScriptingTraits (0ms)
		AnalyzeDomain (131ms)
			TypeCache.Refresh (37ms)
				TypeCache.ScanAssembly (5ms)
			ScanForSourceGeneratedMonoScriptInfo (38ms)
			ResolveRequiredComponents (49ms)
	FinalizeReload (7123ms)
		ReleaseScriptCaches (0ms)
		RebuildScriptCaches (0ms)
		SetupLoadedEditorAssemblies (2397ms)
			LogAssemblyErrors (0ms)
			InitializePlatformSupportModulesInManaged (104ms)
			SetLoadedEditorAssemblies (13ms)
			RefreshPlugins (0ms)
			BeforeProcessingInitializeOnLoad (274ms)
			ProcessInitializeOnLoadAttributes (1851ms)
			ProcessInitializeOnLoadMethodAttributes (99ms)
			AfterProcessingInitializeOnLoad (54ms)
			EditorAssembliesLoaded (0ms)
		ExecutionOrderSort2 (0ms)
		AwakeInstancesAfterBackupRestoration (49ms)
Refreshing native plugins compatible for Editor in 25.64 ms, found 3 plugins.
Preloading 0 native plugins for Editor in 0.00 ms.
Unloading 3672 Unused Serialized files (Serialized files now loaded: 0)
Unloading 17 unused Assets / (85.1 KB). Loaded Objects now: 4187.
Memory consumption went from 139.2 MB to 139.1 MB.
Total: 10.083100 ms (FindLiveObjects: 0.823600 ms CreateObjectMapping: 0.570200 ms MarkObjects: 8.435000 ms  DeleteObjects: 0.240000 ms)

Prepare: number of updated asset objects reloaded= 0
AssetImportParameters requested are different than current active one (requested -> active):
  custom:scripting/monoscript/fileName/ChannelSelector.cs: 787aa32b539868663942ded37c6d24ef -> 
  custom:scripting/monoscript/fileName/ChatAppIdCheckerUI.cs: 1bb8fafd3e2c10dfddf187c423c0f4b8 -> 
  custom:container-demuxer-ogg: 62fdf1f143b41e24485cea50d1cbac27 -> 
  custom:scripting/monoscript/fileName/IgnoreUiRaycastWhenInactive.cs: 64ae0ba0567ac5043ee479695fe7bd2b -> 
  custom:video-decoder-ogg-theora: a1e56fd34408186e4bbccfd4996cb3dc -> 
  custom:scripting/monoscript/fileName/NamePickGui.cs: 2c5392a37dc177dc65a116f98af1080e -> 
  custom:framework-win-MediaFoundation: 216162199b28c13a410421893ffa2e32 -> 
  custom:scripting/monoscript/fileName/EventSystemSpawner.cs: c525f40330ddc66d7e7f5297346da241 -> f408a55e814f245f8bc8085441fbe94b
  custom:scripting/monoscript/fileName/TextToggleIsOnTransition.cs: 326b9c727c304dd69fe51444f64a7721 -> 3e45da2cb510baa5765664ee499455b7
  custom:scripting/monoscript/fileName/ConnectAndJoinRandomLb.cs: 9dd47be72f766f78cbbffce9f8575ef1 -> 
  custom:CustomObjectIndexerAttribute: 9a22284fe3817be447336de3de66b15e -> 
  custom:scripting/monoscript/fileName/UIManager.cs: 2595dc2cbd41cc2d023a3ebb28d87e9e -> 
  custom:container-demuxer-webm: 4f35f7cbe854078d1ac9338744f61a02 -> 
  custom:scripting/monoscript/fileName/ConnectionToServer.cs: 45c574e5c9b772cabb297a72bb7f89d0 -> 
  custom:container-muxer-webm: aa71ff27fc2769a1b78a27578f13a17b -> 
  custom:scripting/monoscript/fileName/NetworkStatistic.cs: 440c12d493cdcccc0252d692ae1d6d09 -> 
  custom:video-decoder-webm-vp8: 9c59270c3fd7afecdb556c50c9e8de78 -> 
  custom:SearchIndexIgnoredProperties: e643bd26f0fe6173181afceb89e7c659 -> 
  custom:AudioImporter_EditorPlatform: d09bf68614088b80899f8185d706f6e7 -> 
  custom:scripting/monoscript/fileName/ChatGui.cs: 83ccb577c346edd301c0a35e11693dfd -> 
  custom:scripting/monoscript/fileName/TextButtonTransition.cs: 72f2c4484a6dc921aacef6b387422aa7 -> 72621123551f8416d26a631e33786da7
  custom:scripting/monoscript/fileName/AppSettingsExtensions.cs: 7eb3b190282e171c2845b1d8ee71ed5c -> 
  custom:scripting/monoscript/fileName/OnStartDelete.cs: ca7ff388213f651af9d8be5d8844a8f4 -> 020107d689eae9ab4a37b46ac589b3dd
  custom:video-encoder-webm-vp8: eb34c28f22e8b96e1ab97ce403110664 -> 
  custom:audio-decoder-ogg-vorbis: bf7c407c2cedff20999df2af8eb42d56 -> 
  custom:scripting/monoscript/fileName/RoomItem.cs: 3216c049f7536d0a929a2dc83cbc9f2b -> 
  custom:scripting/monoscript/fileName/PlayerListItem.cs: 7f9c1637a7cb84e388bd70479ffac2cd -> 
  custom:audio-encoder-webm-vorbis: bf7c407c2cedff20999df2af8eb42d56 -> 
  custom:scripting/precompiled-assembly-types:Assembly-CSharp-Editor: bae848875a35fe96f09fcc9f4e534600 -> 
  custom:scripting/monoscript/fileName/FriendItem.cs: 7041a5cee458fd755b4167724bf865d2 -> 
  custom:scripting/precompiled-assembly-types:Assembly-CSharp: dd172ed518e1893acd1b51bdf9ab5acc -> 
========================================================================
Received Prepare
Caller must complete domain reload
Begin MonoManager ReloadAssembly
- Loaded All Assemblies, in  2.085 seconds
Native extension for WindowsStandalone target not found
Native extension for Android target not found
Mono: successfully reloaded assembly
- Finished resetting the current domain, in  6.164 seconds
Domain Reload Profiling: 8221ms
	BeginReloadAssembly (491ms)
		ExecutionOrderSort (0ms)
		DisableScriptedObjects (13ms)
		BackupInstance (0ms)
		ReleaseScriptingObjects (0ms)
		CreateAndSetChildDomain (129ms)
	RebuildCommonClasses (144ms)
	RebuildNativeTypeToScriptingClass (66ms)
	initialDomainReloadingComplete (151ms)
	LoadAllAssembliesAndSetupDomain (1204ms)
		LoadAssemblies (1341ms)
		RebuildTransferFunctionScriptingTraits (0ms)
		AnalyzeDomain (136ms)
			TypeCache.Refresh (38ms)
				TypeCache.ScanAssembly (0ms)
			ScanForSourceGeneratedMonoScriptInfo (1ms)
			ResolveRequiredComponents (90ms)
	FinalizeReload (6166ms)
		ReleaseScriptCaches (0ms)
		RebuildScriptCaches (0ms)
		SetupLoadedEditorAssemblies (2686ms)
			LogAssemblyErrors (0ms)
			InitializePlatformSupportModulesInManaged (185ms)
			SetLoadedEditorAssemblies (20ms)
			RefreshPlugins (0ms)
			BeforeProcessingInitializeOnLoad (433ms)
			ProcessInitializeOnLoadAttributes (1891ms)
			ProcessInitializeOnLoadMethodAttributes (114ms)
			AfterProcessingInitializeOnLoad (42ms)
			EditorAssembliesLoaded (1ms)
		ExecutionOrderSort2 (0ms)
		AwakeInstancesAfterBackupRestoration (34ms)
Refreshing native plugins compatible for Editor in 35.96 ms, found 3 plugins.
Preloading 0 native plugins for Editor in 0.00 ms.
Unloading 3673 Unused Serialized files (Serialized files now loaded: 0)
Unloading 17 unused Assets / (77.1 KB). Loaded Objects now: 4191.
Memory consumption went from 139.4 MB to 139.4 MB.
Total: 69.298700 ms (FindLiveObjects: 2.268400 ms CreateObjectMapping: 4.951800 ms MarkObjects: 61.434900 ms  DeleteObjects: 0.642100 ms)

Prepare: number of updated asset objects reloaded= 0
AssetImportParameters requested are different than current active one (requested -> active):
  custom:scripting/monoscript/fileName/ChannelSelector.cs: 787aa32b539868663942ded37c6d24ef -> 
  custom:scripting/monoscript/fileName/ChatAppIdCheckerUI.cs: 1bb8fafd3e2c10dfddf187c423c0f4b8 -> 
  custom:container-demuxer-ogg: 62fdf1f143b41e24485cea50d1cbac27 -> 
  custom:scripting/monoscript/fileName/IgnoreUiRaycastWhenInactive.cs: 64ae0ba0567ac5043ee479695fe7bd2b -> 
  custom:video-decoder-ogg-theora: a1e56fd34408186e4bbccfd4996cb3dc -> 
  custom:scripting/monoscript/fileName/NamePickGui.cs: 2c5392a37dc177dc65a116f98af1080e -> 
  custom:framework-win-MediaFoundation: 216162199b28c13a410421893ffa2e32 -> 
  custom:scripting/monoscript/fileName/EventSystemSpawner.cs: c525f40330ddc66d7e7f5297346da241 -> f408a55e814f245f8bc8085441fbe94b
  custom:scripting/monoscript/fileName/TextToggleIsOnTransition.cs: 326b9c727c304dd69fe51444f64a7721 -> 3e45da2cb510baa5765664ee499455b7
  custom:scripting/monoscript/fileName/ConnectAndJoinRandomLb.cs: 9dd47be72f766f78cbbffce9f8575ef1 -> 
  custom:CustomObjectIndexerAttribute: 9a22284fe3817be447336de3de66b15e -> 
  custom:scripting/monoscript/fileName/UIManager.cs: 2595dc2cbd41cc2d023a3ebb28d87e9e -> 
  custom:container-demuxer-webm: 4f35f7cbe854078d1ac9338744f61a02 -> 
  custom:scripting/monoscript/fileName/ConnectionToServer.cs: 45c574e5c9b772cabb297a72bb7f89d0 -> 
  custom:container-muxer-webm: aa71ff27fc2769a1b78a27578f13a17b -> 
  custom:scripting/monoscript/fileName/NetworkStatistic.cs: 440c12d493cdcccc0252d692ae1d6d09 -> 
  custom:video-decoder-webm-vp8: 9c59270c3fd7afecdb556c50c9e8de78 -> 
  custom:SearchIndexIgnoredProperties: e643bd26f0fe6173181afceb89e7c659 -> 
  custom:AudioImporter_EditorPlatform: d09bf68614088b80899f8185d706f6e7 -> 
  custom:scripting/monoscript/fileName/ChatGui.cs: 83ccb577c346edd301c0a35e11693dfd -> 
  custom:scripting/monoscript/fileName/TextButtonTransition.cs: 72f2c4484a6dc921aacef6b387422aa7 -> 72621123551f8416d26a631e33786da7
  custom:scripting/monoscript/fileName/AppSettingsExtensions.cs: 7eb3b190282e171c2845b1d8ee71ed5c -> 
  custom:scripting/monoscript/fileName/OnStartDelete.cs: ca7ff388213f651af9d8be5d8844a8f4 -> 020107d689eae9ab4a37b46ac589b3dd
  custom:video-encoder-webm-vp8: eb34c28f22e8b96e1ab97ce403110664 -> 
  custom:audio-decoder-ogg-vorbis: bf7c407c2cedff20999df2af8eb42d56 -> 
  custom:scripting/monoscript/fileName/RoomItem.cs: 3216c049f7536d0a929a2dc83cbc9f2b -> 
  custom:scripting/monoscript/fileName/PlayerListItem.cs: 7f9c1637a7cb84e388bd70479ffac2cd -> 
  custom:audio-encoder-webm-vorbis: bf7c407c2cedff20999df2af8eb42d56 -> 
  custom:scripting/precompiled-assembly-types:Assembly-CSharp-Editor: bae848875a35fe96f09fcc9f4e534600 -> 
  custom:scripting/monoscript/fileName/FriendItem.cs: 7041a5cee458fd755b4167724bf865d2 -> 
  custom:scripting/precompiled-assembly-types:Assembly-CSharp: dd172ed518e1893acd1b51bdf9ab5acc -> 
========================================================================
Received Import Request.
  Time since last request: 152.458976 seconds.
  path: Assets/Scripts/ConnectionToServer.cs
  artifactKey: Guid(7809a47f4af51474086c5e81dd0a7909) Importer(815301076,1909f56bfc062723c751e8b465ee728b)
Start importing Assets/Scripts/ConnectionToServer.cs using Guid(7809a47f4af51474086c5e81dd0a7909) Importer(815301076,1909f56bfc062723c751e8b465ee728b) [PhysX] Initialized MultithreadedTaskDispatcher with 8 workers.
 -> (artifact id: 'ec96b9d7b8180529af6236018d2dcbad') in 0.005978 seconds
Number of updated asset objects reloaded before import = 0
Number of asset objects unloaded after import = 0
========================================================================
Received Prepare
Caller must complete domain reload
Begin MonoManager ReloadAssembly
- Loaded All Assemblies, in  2.018 seconds
Native extension for WindowsStandalone target not found
Native extension for Android target not found
Mono: successfully reloaded assembly
- Finished resetting the current domain, in  8.267 seconds
Domain Reload Profiling: 10280ms
	BeginReloadAssembly (716ms)
		ExecutionOrderSort (0ms)
		DisableScriptedObjects (13ms)
		BackupInstance (0ms)
		ReleaseScriptingObjects (0ms)
		CreateAndSetChildDomain (94ms)
	RebuildCommonClasses (130ms)
	RebuildNativeTypeToScriptingClass (46ms)
	initialDomainReloadingComplete (107ms)
	LoadAllAssembliesAndSetupDomain (1008ms)
		LoadAssemblies (1467ms)
		RebuildTransferFunctionScriptingTraits (0ms)
		AnalyzeDomain (62ms)
			TypeCache.Refresh (29ms)
				TypeCache.ScanAssembly (0ms)
			ScanForSourceGeneratedMonoScriptInfo (1ms)
			ResolveRequiredComponents (26ms)
	FinalizeReload (8273ms)
		ReleaseScriptCaches (0ms)
		RebuildScriptCaches (0ms)
		SetupLoadedEditorAssemblies (2677ms)
			LogAssemblyErrors (0ms)
			InitializePlatformSupportModulesInManaged (160ms)
			SetLoadedEditorAssemblies (15ms)
			RefreshPlugins (0ms)
			BeforeProcessingInitializeOnLoad (460ms)
			ProcessInitializeOnLoadAttributes (1846ms)
			ProcessInitializeOnLoadMethodAttributes (145ms)
			AfterProcessingInitializeOnLoad (50ms)
			EditorAssembliesLoaded (0ms)
		ExecutionOrderSort2 (0ms)
		AwakeInstancesAfterBackupRestoration (51ms)
Refreshing native plugins compatible for Editor in 29.71 ms, found 3 plugins.
Preloading 0 native plugins for Editor in 0.00 ms.
Unloading 3672 Unused Serialized files (Serialized files now loaded: 0)
Unloading 17 unused Assets / (77.1 KB). Loaded Objects now: 4195.
Memory consumption went from 139.2 MB to 139.1 MB.
Total: 29.047600 ms (FindLiveObjects: 0.900700 ms CreateObjectMapping: 10.840300 ms MarkObjects: 17.036200 ms  DeleteObjects: 0.267700 ms)

Prepare: number of updated asset objects reloaded= 0
AssetImportParameters requested are different than current active one (requested -> active):
  custom:scripting/monoscript/fileName/ChannelSelector.cs: 787aa32b539868663942ded37c6d24ef -> 
  custom:scripting/monoscript/fileName/ChatAppIdCheckerUI.cs: 1bb8fafd3e2c10dfddf187c423c0f4b8 -> 
  custom:container-demuxer-ogg: 62fdf1f143b41e24485cea50d1cbac27 -> 
  custom:scripting/monoscript/fileName/IgnoreUiRaycastWhenInactive.cs: 64ae0ba0567ac5043ee479695fe7bd2b -> 
  custom:video-decoder-ogg-theora: a1e56fd34408186e4bbccfd4996cb3dc -> 
  custom:scripting/monoscript/fileName/NamePickGui.cs: 2c5392a37dc177dc65a116f98af1080e -> 
  custom:framework-win-MediaFoundation: 216162199b28c13a410421893ffa2e32 -> 
  custom:scripting/monoscript/fileName/EventSystemSpawner.cs: c525f40330ddc66d7e7f5297346da241 -> f408a55e814f245f8bc8085441fbe94b
  custom:scripting/monoscript/fileName/TextToggleIsOnTransition.cs: 326b9c727c304dd69fe51444f64a7721 -> 3e45da2cb510baa5765664ee499455b7
  custom:scripting/monoscript/fileName/ConnectAndJoinRandomLb.cs: 9dd47be72f766f78cbbffce9f8575ef1 -> 
  custom:CustomObjectIndexerAttribute: 9a22284fe3817be447336de3de66b15e -> 
  custom:scripting/monoscript/fileName/UIManager.cs: 2595dc2cbd41cc2d023a3ebb28d87e9e -> 
  custom:container-demuxer-webm: 4f35f7cbe854078d1ac9338744f61a02 -> 
  custom:scripting/monoscript/fileName/ConnectionToServer.cs: 45c574e5c9b772cabb297a72bb7f89d0 -> 
  custom:container-muxer-webm: aa71ff27fc2769a1b78a27578f13a17b -> 
  custom:scripting/monoscript/fileName/NetworkStatistic.cs: 440c12d493cdcccc0252d692ae1d6d09 -> 
  custom:video-decoder-webm-vp8: 9c59270c3fd7afecdb556c50c9e8de78 -> 
  custom:SearchIndexIgnoredProperties: e643bd26f0fe6173181afceb89e7c659 -> 
  custom:AudioImporter_EditorPlatform: d09bf68614088b80899f8185d706f6e7 -> 
  custom:scripting/monoscript/fileName/ChatGui.cs: 83ccb577c346edd301c0a35e11693dfd -> 
  custom:scripting/monoscript/fileName/TextButtonTransition.cs: 72f2c4484a6dc921aacef6b387422aa7 -> 72621123551f8416d26a631e33786da7
  custom:scripting/monoscript/fileName/AppSettingsExtensions.cs: 7eb3b190282e171c2845b1d8ee71ed5c -> 
  custom:scripting/monoscript/fileName/OnStartDelete.cs: ca7ff388213f651af9d8be5d8844a8f4 -> 020107d689eae9ab4a37b46ac589b3dd
  custom:video-encoder-webm-vp8: eb34c28f22e8b96e1ab97ce403110664 -> 
  custom:audio-decoder-ogg-vorbis: bf7c407c2cedff20999df2af8eb42d56 -> 
  custom:scripting/monoscript/fileName/RoomItem.cs: 3216c049f7536d0a929a2dc83cbc9f2b -> 
  custom:scripting/monoscript/fileName/PlayerListItem.cs: 7f9c1637a7cb84e388bd70479ffac2cd -> 
  custom:audio-encoder-webm-vorbis: bf7c407c2cedff20999df2af8eb42d56 -> 
  custom:scripting/precompiled-assembly-types:Assembly-CSharp-Editor: bae848875a35fe96f09fcc9f4e534600 -> 
  custom:scripting/monoscript/fileName/FriendItem.cs: 7041a5cee458fd755b4167724bf865d2 -> 
  custom:scripting/precompiled-assembly-types:Assembly-CSharp: dd172ed518e1893acd1b51bdf9ab5acc -> 
========================================================================
Received Import Request.
  Time since last request: 329.650239 seconds.
  path: Assets/Scripts/SetPlayerName.cs
  artifactKey: Guid(efc005ccf40fa7442be09b54172f2e55) Importer(815301076,1909f56bfc062723c751e8b465ee728b)
Start importing Assets/Scripts/SetPlayerName.cs using Guid(efc005ccf40fa7442be09b54172f2e55) Importer(815301076,1909f56bfc062723c751e8b465ee728b) [PhysX] Initialized MultithreadedTaskDispatcher with 8 workers.
 -> (artifact id: '1cf1bce8a56d285af8578a3a30fa312d') in 0.009484 seconds
Number of updated asset objects reloaded before import = 0
Number of asset objects unloaded after import = 0
========================================================================
Received Prepare
Caller must complete domain reload
Begin MonoManager ReloadAssembly
- Loaded All Assemblies, in  1.937 seconds
Native extension for WindowsStandalone target not found
Native extension for Android target not found
Mono: successfully reloaded assembly
- Finished resetting the current domain, in  4.662 seconds
Domain Reload Profiling: 6586ms
	BeginReloadAssembly (532ms)
		ExecutionOrderSort (0ms)
		DisableScriptedObjects (32ms)
		BackupInstance (0ms)
		ReleaseScriptingObjects (0ms)
		CreateAndSetChildDomain (110ms)
	RebuildCommonClasses (122ms)
	RebuildNativeTypeToScriptingClass (37ms)
	initialDomainReloadingComplete (105ms)
	LoadAllAssembliesAndSetupDomain (1124ms)
		LoadAssemblies (1289ms)
		RebuildTransferFunctionScriptingTraits (0ms)
		AnalyzeDomain (118ms)
			TypeCache.Refresh (47ms)
				TypeCache.ScanAssembly (4ms)
			ScanForSourceGeneratedMonoScriptInfo (33ms)
			ResolveRequiredComponents (31ms)
	FinalizeReload (4666ms)
		ReleaseScriptCaches (0ms)
		RebuildScriptCaches (0ms)
		SetupLoadedEditorAssemblies (1883ms)
			LogAssemblyErrors (0ms)
			InitializePlatformSupportModulesInManaged (90ms)
			SetLoadedEditorAssemblies (15ms)
			RefreshPlugins (0ms)
			BeforeProcessingInitializeOnLoad (242ms)
			ProcessInitializeOnLoadAttributes (1394ms)
			ProcessInitializeOnLoadMethodAttributes (107ms)
			AfterProcessingInitializeOnLoad (35ms)
			EditorAssembliesLoaded (1ms)
		ExecutionOrderSort2 (0ms)
		AwakeInstancesAfterBackupRestoration (29ms)
Refreshing native plugins compatible for Editor in 15.29 ms, found 3 plugins.
Preloading 0 native plugins for Editor in 0.00 ms.
Unloading 3673 Unused Serialized files (Serialized files now loaded: 0)
Unloading 17 unused Assets / (69.0 KB). Loaded Objects now: 4200.
Memory consumption went from 139.2 MB to 139.1 MB.
Total: 10.344800 ms (FindLiveObjects: 0.658300 ms CreateObjectMapping: 0.651500 ms MarkObjects: 8.807700 ms  DeleteObjects: 0.224400 ms)

Prepare: number of updated asset objects reloaded= 0
AssetImportParameters requested are different than current active one (requested -> active):
  custom:scripting/monoscript/fileName/ChannelSelector.cs: 787aa32b539868663942ded37c6d24ef -> 
  custom:scripting/monoscript/fileName/ChatAppIdCheckerUI.cs: 1bb8fafd3e2c10dfddf187c423c0f4b8 -> 
  custom:container-demuxer-ogg: 62fdf1f143b41e24485cea50d1cbac27 -> 
  custom:scripting/monoscript/fileName/IgnoreUiRaycastWhenInactive.cs: 64ae0ba0567ac5043ee479695fe7bd2b -> 
  custom:video-decoder-ogg-theora: a1e56fd34408186e4bbccfd4996cb3dc -> 
  custom:scripting/monoscript/fileName/NamePickGui.cs: 2c5392a37dc177dc65a116f98af1080e -> 
  custom:framework-win-MediaFoundation: 216162199b28c13a410421893ffa2e32 -> 
  custom:scripting/monoscript/fileName/EventSystemSpawner.cs: c525f40330ddc66d7e7f5297346da241 -> f408a55e814f245f8bc8085441fbe94b
  custom:scripting/monoscript/fileName/TextToggleIsOnTransition.cs: 326b9c727c304dd69fe51444f64a7721 -> 3e45da2cb510baa5765664ee499455b7
  custom:scripting/monoscript/fileName/ConnectAndJoinRandomLb.cs: 9dd47be72f766f78cbbffce9f8575ef1 -> 
  custom:CustomObjectIndexerAttribute: 9a22284fe3817be447336de3de66b15e -> 
  custom:scripting/monoscript/fileName/UIManager.cs: 2595dc2cbd41cc2d023a3ebb28d87e9e -> 
  custom:container-demuxer-webm: 4f35f7cbe854078d1ac9338744f61a02 -> 
  custom:scripting/monoscript/fileName/ConnectionToServer.cs: 45c574e5c9b772cabb297a72bb7f89d0 -> 
  custom:container-muxer-webm: aa71ff27fc2769a1b78a27578f13a17b -> 
  custom:scripting/monoscript/fileName/NetworkStatistic.cs: 440c12d493cdcccc0252d692ae1d6d09 -> 
  custom:video-decoder-webm-vp8: 9c59270c3fd7afecdb556c50c9e8de78 -> 
  custom:SearchIndexIgnoredProperties: e643bd26f0fe6173181afceb89e7c659 -> 
  custom:AudioImporter_EditorPlatform: d09bf68614088b80899f8185d706f6e7 -> 
  custom:scripting/monoscript/fileName/ChatGui.cs: 83ccb577c346edd301c0a35e11693dfd -> 
  custom:scripting/monoscript/fileName/TextButtonTransition.cs: 72f2c4484a6dc921aacef6b387422aa7 -> 72621123551f8416d26a631e33786da7
  custom:scripting/monoscript/fileName/AppSettingsExtensions.cs: 7eb3b190282e171c2845b1d8ee71ed5c -> 
  custom:scripting/monoscript/fileName/OnStartDelete.cs: ca7ff388213f651af9d8be5d8844a8f4 -> 020107d689eae9ab4a37b46ac589b3dd
  custom:video-encoder-webm-vp8: eb34c28f22e8b96e1ab97ce403110664 -> 
  custom:audio-decoder-ogg-vorbis: bf7c407c2cedff20999df2af8eb42d56 -> 
  custom:scripting/monoscript/fileName/SetPlayerName.cs: 6e28de29faf1867cf5da0d586d1099b2 -> 
  custom:scripting/monoscript/fileName/RoomItem.cs: 3216c049f7536d0a929a2dc83cbc9f2b -> 
  custom:scripting/monoscript/fileName/PlayerListItem.cs: 7f9c1637a7cb84e388bd70479ffac2cd -> 
  custom:audio-encoder-webm-vorbis: bf7c407c2cedff20999df2af8eb42d56 -> 
  custom:scripting/precompiled-assembly-types:Assembly-CSharp-Editor: bae848875a35fe96f09fcc9f4e534600 -> 
  custom:scripting/monoscript/fileName/FriendItem.cs: 7041a5cee458fd755b4167724bf865d2 -> 
  custom:scripting/precompiled-assembly-types:Assembly-CSharp: a36d84f8d6b6d17b3b58091725c7ca1b -> 
========================================================================
Received Import Request.
  Time since last request: 198.104817 seconds.
  path: Assets/Scripts/SetPlayerName.cs
  artifactKey: Guid(efc005ccf40fa7442be09b54172f2e55) Importer(815301076,1909f56bfc062723c751e8b465ee728b)
Start importing Assets/Scripts/SetPlayerName.cs using Guid(efc005ccf40fa7442be09b54172f2e55) Importer(815301076,1909f56bfc062723c751e8b465ee728b) [PhysX] Initialized MultithreadedTaskDispatcher with 8 workers.
 -> (artifact id: '405190a5f8ee6aeb61242188fe543c52') in 0.008461 seconds
Number of updated asset objects reloaded before import = 0
Number of asset objects unloaded after import = 0
========================================================================
Received Import Request.
  Time since last request: 26.469620 seconds.
  path: Assets/Scripts/SetPlayerName.cs
  artifactKey: Guid(efc005ccf40fa7442be09b54172f2e55) Importer(815301076,1909f56bfc062723c751e8b465ee728b)
Start importing Assets/Scripts/SetPlayerName.cs using Guid(efc005ccf40fa7442be09b54172f2e55) Importer(815301076,1909f56bfc062723c751e8b465ee728b) [PhysX] Initialized MultithreadedTaskDispatcher with 8 workers.
 -> (artifact id: '05fe71789638531501f056026b9393aa') in 0.003578 seconds
Number of updated asset objects reloaded before import = 0
Number of asset objects unloaded after import = 0
========================================================================
Received Import Request.
  Time since last request: 365.845374 seconds.
  path: Assets/Scripts/SetPlayerName.cs
  artifactKey: Guid(efc005ccf40fa7442be09b54172f2e55) Importer(815301076,1909f56bfc062723c751e8b465ee728b)
Start importing Assets/Scripts/SetPlayerName.cs using Guid(efc005ccf40fa7442be09b54172f2e55) Importer(815301076,1909f56bfc062723c751e8b465ee728b) [PhysX] Initialized MultithreadedTaskDispatcher with 8 workers.
 -> (artifact id: '63a5bf6cfa6d9f912845817f5285691a') in 0.002179 seconds
Number of updated asset objects reloaded before import = 0
Number of asset objects unloaded after import = 0
========================================================================
Received Import Request.
  Time since last request: 35.788810 seconds.
  path: Assets/Scripts/SetPlayerName.cs
  artifactKey: Guid(efc005ccf40fa7442be09b54172f2e55) Importer(815301076,1909f56bfc062723c751e8b465ee728b)
Start importing Assets/Scripts/SetPlayerName.cs using Guid(efc005ccf40fa7442be09b54172f2e55) Importer(815301076,1909f56bfc062723c751e8b465ee728b) [PhysX] Initialized MultithreadedTaskDispatcher with 8 workers.
 -> (artifact id: '80f109135f119528e721bd0807c50044') in 0.023784 seconds
Number of updated asset objects reloaded before import = 0
Number of asset objects unloaded after import = 0
========================================================================
Received Prepare
Caller must complete domain reload
Begin MonoManager ReloadAssembly
- Loaded All Assemblies, in  2.722 seconds
Native extension for WindowsStandalone target not found
Native extension for Android target not found
Mono: successfully reloaded assembly
- Finished resetting the current domain, in  5.905 seconds
Domain Reload Profiling: 8597ms
	BeginReloadAssembly (947ms)
		ExecutionOrderSort (0ms)
		DisableScriptedObjects (18ms)
		BackupInstance (0ms)
		ReleaseScriptingObjects (0ms)
		CreateAndSetChildDomain (143ms)
	RebuildCommonClasses (250ms)
	RebuildNativeTypeToScriptingClass (65ms)
	initialDomainReloadingComplete (169ms)
	LoadAllAssembliesAndSetupDomain (1260ms)
		LoadAssemblies (1744ms)
		RebuildTransferFunctionScriptingTraits (0ms)
		AnalyzeDomain (132ms)
			TypeCache.Refresh (44ms)
				TypeCache.ScanAssembly (6ms)
			ScanForSourceGeneratedMonoScriptInfo (39ms)
			ResolveRequiredComponents (43ms)
	FinalizeReload (5908ms)
		ReleaseScriptCaches (0ms)
		RebuildScriptCaches (0ms)
		SetupLoadedEditorAssemblies (1963ms)
			LogAssemblyErrors (0ms)
			InitializePlatformSupportModulesInManaged (118ms)
			SetLoadedEditorAssemblies (15ms)
			RefreshPlugins (0ms)
			BeforeProcessingInitializeOnLoad (291ms)
			ProcessInitializeOnLoadAttributes (1387ms)
			ProcessInitializeOnLoadMethodAttributes (119ms)
			AfterProcessingInitializeOnLoad (33ms)
			EditorAssembliesLoaded (0ms)
		ExecutionOrderSort2 (0ms)
		AwakeInstancesAfterBackupRestoration (22ms)
Refreshing native plugins compatible for Editor in 32.18 ms, found 3 plugins.
Preloading 0 native plugins for Editor in 0.00 ms.
Unloading 3673 Unused Serialized files (Serialized files now loaded: 0)
Unloading 17 unused Assets / (69.1 KB). Loaded Objects now: 4204.
Memory consumption went from 139.2 MB to 139.1 MB.
Total: 31.675400 ms (FindLiveObjects: 0.512300 ms CreateObjectMapping: 1.229900 ms MarkObjects: 29.738000 ms  DeleteObjects: 0.192700 ms)

Prepare: number of updated asset objects reloaded= 0
AssetImportParameters requested are different than current active one (requested -> active):
  custom:scripting/monoscript/fileName/ChannelSelector.cs: 787aa32b539868663942ded37c6d24ef -> 
  custom:scripting/monoscript/fileName/ChatAppIdCheckerUI.cs: 1bb8fafd3e2c10dfddf187c423c0f4b8 -> 
  custom:container-demuxer-ogg: 62fdf1f143b41e24485cea50d1cbac27 -> 
  custom:scripting/monoscript/fileName/IgnoreUiRaycastWhenInactive.cs: 64ae0ba0567ac5043ee479695fe7bd2b -> 
  custom:video-decoder-ogg-theora: a1e56fd34408186e4bbccfd4996cb3dc -> 
  custom:scripting/monoscript/fileName/NamePickGui.cs: 2c5392a37dc177dc65a116f98af1080e -> 
  custom:framework-win-MediaFoundation: 216162199b28c13a410421893ffa2e32 -> 
  custom:scripting/monoscript/fileName/EventSystemSpawner.cs: c525f40330ddc66d7e7f5297346da241 -> f408a55e814f245f8bc8085441fbe94b
  custom:scripting/monoscript/fileName/TextToggleIsOnTransition.cs: 326b9c727c304dd69fe51444f64a7721 -> 3e45da2cb510baa5765664ee499455b7
  custom:scripting/monoscript/fileName/ConnectAndJoinRandomLb.cs: 9dd47be72f766f78cbbffce9f8575ef1 -> 
  custom:CustomObjectIndexerAttribute: 9a22284fe3817be447336de3de66b15e -> 
  custom:scripting/monoscript/fileName/UIManager.cs: 2595dc2cbd41cc2d023a3ebb28d87e9e -> 
  custom:container-demuxer-webm: 4f35f7cbe854078d1ac9338744f61a02 -> 
  custom:scripting/monoscript/fileName/ConnectionToServer.cs: 45c574e5c9b772cabb297a72bb7f89d0 -> 
  custom:container-muxer-webm: aa71ff27fc2769a1b78a27578f13a17b -> 
  custom:scripting/monoscript/fileName/NetworkStatistic.cs: 440c12d493cdcccc0252d692ae1d6d09 -> 
  custom:video-decoder-webm-vp8: 9c59270c3fd7afecdb556c50c9e8de78 -> 
  custom:SearchIndexIgnoredProperties: e643bd26f0fe6173181afceb89e7c659 -> 
  custom:AudioImporter_EditorPlatform: d09bf68614088b80899f8185d706f6e7 -> 
  custom:scripting/monoscript/fileName/ChatGui.cs: 83ccb577c346edd301c0a35e11693dfd -> 
  custom:scripting/monoscript/fileName/TextButtonTransition.cs: 72f2c4484a6dc921aacef6b387422aa7 -> 72621123551f8416d26a631e33786da7
  custom:scripting/monoscript/fileName/AppSettingsExtensions.cs: 7eb3b190282e171c2845b1d8ee71ed5c -> 
  custom:scripting/monoscript/fileName/OnStartDelete.cs: ca7ff388213f651af9d8be5d8844a8f4 -> 020107d689eae9ab4a37b46ac589b3dd
  custom:video-encoder-webm-vp8: eb34c28f22e8b96e1ab97ce403110664 -> 
  custom:audio-decoder-ogg-vorbis: bf7c407c2cedff20999df2af8eb42d56 -> 
  custom:scripting/monoscript/fileName/SetPlayerName.cs: 6e28de29faf1867cf5da0d586d1099b2 -> 
  custom:scripting/monoscript/fileName/RoomItem.cs: 3216c049f7536d0a929a2dc83cbc9f2b -> 
  custom:scripting/monoscript/fileName/PlayerListItem.cs: 7f9c1637a7cb84e388bd70479ffac2cd -> 
  custom:audio-encoder-webm-vorbis: bf7c407c2cedff20999df2af8eb42d56 -> 
  custom:scripting/precompiled-assembly-types:Assembly-CSharp-Editor: bae848875a35fe96f09fcc9f4e534600 -> 
  custom:scripting/monoscript/fileName/FriendItem.cs: 7041a5cee458fd755b4167724bf865d2 -> 
  custom:scripting/precompiled-assembly-types:Assembly-CSharp: a36d84f8d6b6d17b3b58091725c7ca1b -> 
========================================================================
Received Prepare
Caller must complete domain reload
Begin MonoManager ReloadAssembly
- Loaded All Assemblies, in  2.833 seconds
Native extension for WindowsStandalone target not found
Native extension for Android target not found
Mono: successfully reloaded assembly
- Finished resetting the current domain, in  4.645 seconds
Domain Reload Profiling: 7464ms
	BeginReloadAssembly (687ms)
		ExecutionOrderSort (0ms)
		DisableScriptedObjects (20ms)
		BackupInstance (0ms)
		ReleaseScriptingObjects (0ms)
		CreateAndSetChildDomain (121ms)
	RebuildCommonClasses (148ms)
	RebuildNativeTypeToScriptingClass (115ms)
	initialDomainReloadingComplete (218ms)
	LoadAllAssembliesAndSetupDomain (1649ms)
		LoadAssemblies (1865ms)
		RebuildTransferFunctionScriptingTraits (0ms)
		AnalyzeDomain (218ms)
			TypeCache.Refresh (83ms)
				TypeCache.ScanAssembly (7ms)
			ScanForSourceGeneratedMonoScriptInfo (67ms)
			ResolveRequiredComponents (62ms)
	FinalizeReload (4647ms)
		ReleaseScriptCaches (0ms)
		RebuildScriptCaches (0ms)
		SetupLoadedEditorAssemblies (1516ms)
			LogAssemblyErrors (0ms)
			InitializePlatformSupportModulesInManaged (123ms)
			SetLoadedEditorAssemblies (24ms)
			RefreshPlugins (0ms)
			BeforeProcessingInitializeOnLoad (239ms)
			ProcessInitializeOnLoadAttributes (1036ms)
			ProcessInitializeOnLoadMethodAttributes (66ms)
			AfterProcessingInitializeOnLoad (29ms)
			EditorAssembliesLoaded (0ms)
		ExecutionOrderSort2 (0ms)
		AwakeInstancesAfterBackupRestoration (19ms)
Refreshing native plugins compatible for Editor in 26.12 ms, found 3 plugins.
Preloading 0 native plugins for Editor in 0.00 ms.
Unloading 3674 Unused Serialized files (Serialized files now loaded: 0)
Unloading 17 unused Assets / (77.0 KB). Loaded Objects now: 4208.
Memory consumption went from 139.5 MB to 139.4 MB.
Total: 8.729400 ms (FindLiveObjects: 0.587100 ms CreateObjectMapping: 0.525900 ms MarkObjects: 7.441400 ms  DeleteObjects: 0.173100 ms)

Prepare: number of updated asset objects reloaded= 0
AssetImportParameters requested are different than current active one (requested -> active):
  custom:scripting/monoscript/fileName/ChannelSelector.cs: 787aa32b539868663942ded37c6d24ef -> 
  custom:scripting/monoscript/fileName/ChatAppIdCheckerUI.cs: 1bb8fafd3e2c10dfddf187c423c0f4b8 -> 
  custom:container-demuxer-ogg: 62fdf1f143b41e24485cea50d1cbac27 -> 
  custom:scripting/monoscript/fileName/IgnoreUiRaycastWhenInactive.cs: 64ae0ba0567ac5043ee479695fe7bd2b -> 
  custom:video-decoder-ogg-theora: a1e56fd34408186e4bbccfd4996cb3dc -> 
  custom:scripting/monoscript/fileName/NamePickGui.cs: 2c5392a37dc177dc65a116f98af1080e -> 
  custom:framework-win-MediaFoundation: 216162199b28c13a410421893ffa2e32 -> 
  custom:scripting/monoscript/fileName/EventSystemSpawner.cs: c525f40330ddc66d7e7f5297346da241 -> f408a55e814f245f8bc8085441fbe94b
  custom:scripting/monoscript/fileName/TextToggleIsOnTransition.cs: 326b9c727c304dd69fe51444f64a7721 -> 3e45da2cb510baa5765664ee499455b7
  custom:scripting/monoscript/fileName/ConnectAndJoinRandomLb.cs: 9dd47be72f766f78cbbffce9f8575ef1 -> 
  custom:CustomObjectIndexerAttribute: 9a22284fe3817be447336de3de66b15e -> 
  custom:scripting/monoscript/fileName/UIManager.cs: 2595dc2cbd41cc2d023a3ebb28d87e9e -> 
  custom:container-demuxer-webm: 4f35f7cbe854078d1ac9338744f61a02 -> 
  custom:scripting/monoscript/fileName/ConnectionToServer.cs: 45c574e5c9b772cabb297a72bb7f89d0 -> 
  custom:container-muxer-webm: aa71ff27fc2769a1b78a27578f13a17b -> 
  custom:scripting/monoscript/fileName/NetworkStatistic.cs: 440c12d493cdcccc0252d692ae1d6d09 -> 
  custom:video-decoder-webm-vp8: 9c59270c3fd7afecdb556c50c9e8de78 -> 
  custom:SearchIndexIgnoredProperties: e643bd26f0fe6173181afceb89e7c659 -> 
  custom:AudioImporter_EditorPlatform: d09bf68614088b80899f8185d706f6e7 -> 
  custom:scripting/monoscript/fileName/ChatGui.cs: 83ccb577c346edd301c0a35e11693dfd -> 
  custom:scripting/monoscript/fileName/TextButtonTransition.cs: 72f2c4484a6dc921aacef6b387422aa7 -> 72621123551f8416d26a631e33786da7
  custom:scripting/monoscript/fileName/AppSettingsExtensions.cs: 7eb3b190282e171c2845b1d8ee71ed5c -> 
  custom:scripting/monoscript/fileName/OnStartDelete.cs: ca7ff388213f651af9d8be5d8844a8f4 -> 020107d689eae9ab4a37b46ac589b3dd
  custom:video-encoder-webm-vp8: eb34c28f22e8b96e1ab97ce403110664 -> 
  custom:audio-decoder-ogg-vorbis: bf7c407c2cedff20999df2af8eb42d56 -> 
  custom:scripting/monoscript/fileName/SetPlayerName.cs: 6e28de29faf1867cf5da0d586d1099b2 -> 
  custom:scripting/monoscript/fileName/RoomItem.cs: 3216c049f7536d0a929a2dc83cbc9f2b -> 
  custom:scripting/monoscript/fileName/PlayerListItem.cs: 7f9c1637a7cb84e388bd70479ffac2cd -> 
  custom:audio-encoder-webm-vorbis: bf7c407c2cedff20999df2af8eb42d56 -> 
  custom:scripting/precompiled-assembly-types:Assembly-CSharp-Editor: bae848875a35fe96f09fcc9f4e534600 -> 
  custom:scripting/monoscript/fileName/FriendItem.cs: 7041a5cee458fd755b4167724bf865d2 -> 
  custom:scripting/precompiled-assembly-types:Assembly-CSharp: a36d84f8d6b6d17b3b58091725c7ca1b -> 
========================================================================
Received Import Request.
  Time since last request: 1018.400687 seconds.
  path: Assets/Prefabs/UI/Buttons/ConnectToRoomButton Variant.prefab
  artifactKey: Guid(5304bb56e2b77d341b06ae2fa6da43dd) Importer(815301076,1909f56bfc062723c751e8b465ee728b)
Start importing Assets/Prefabs/UI/Buttons/ConnectToRoomButton Variant.prefab using Guid(5304bb56e2b77d341b06ae2fa6da43dd) Importer(815301076,1909f56bfc062723c751e8b465ee728b) [PhysX] Initialized MultithreadedTaskDispatcher with 8 workers.
 -> (artifact id: '6e8cd5bf0692ca88afa25a689b59abc4') in 0.007986 seconds
Number of updated asset objects reloaded before import = 0
Number of asset objects unloaded after import = 0
========================================================================
Received Import Request.
  Time since last request: 64.106877 seconds.
  path: Assets/Prefabs/UI/Text (TMP).prefab
  artifactKey: Guid(6f74885ebbd96284595d6b7d1c7188ed) Importer(815301076,1909f56bfc062723c751e8b465ee728b)
Start importing Assets/Prefabs/UI/Text (TMP).prefab using Guid(6f74885ebbd96284595d6b7d1c7188ed) Importer(815301076,1909f56bfc062723c751e8b465ee728b) [PhysX] Initialized MultithreadedTaskDispatcher with 8 workers.
 -> (artifact id: '47d276a9f65b1263f2da198258977e96') in 0.002129 seconds
Number of updated asset objects reloaded before import = 0
Number of asset objects unloaded after import = 0
========================================================================
Received Import Request.
  Time since last request: 26.037024 seconds.
  path: Assets/Prefabs/UI/PlayerListerem.prefab
  artifactKey: Guid(6f74885ebbd96284595d6b7d1c7188ed) Importer(815301076,1909f56bfc062723c751e8b465ee728b)
Start importing Assets/Prefabs/UI/PlayerListerem.prefab using Guid(6f74885ebbd96284595d6b7d1c7188ed) Importer(815301076,1909f56bfc062723c751e8b465ee728b) [PhysX] Initialized MultithreadedTaskDispatcher with 8 workers.
 -> (artifact id: '6a37efb971f4d29a2f72e7694e4cfbb4') in 0.001977 seconds
Number of updated asset objects reloaded before import = 0
Number of asset objects unloaded after import = 0
========================================================================
Received Import Request.
  Time since last request: 203.246444 seconds.
  path: Assets/Prefabs/UI/PlayerListerem.prefab
  artifactKey: Guid(6f74885ebbd96284595d6b7d1c7188ed) Importer(815301076,1909f56bfc062723c751e8b465ee728b)
Start importing Assets/Prefabs/UI/PlayerListerem.prefab using Guid(6f74885ebbd96284595d6b7d1c7188ed) Importer(815301076,1909f56bfc062723c751e8b465ee728b) [PhysX] Initialized MultithreadedTaskDispatcher with 8 workers.
 -> (artifact id: '005b3190330c203a6f20abf46af03f97') in 0.004340 seconds
Number of updated asset objects reloaded before import = 0
Number of asset objects unloaded after import = 0
========================================================================
Received Prepare
Caller must complete domain reload
Begin MonoManager ReloadAssembly
- Loaded All Assemblies, in  1.757 seconds
Native extension for WindowsStandalone target not found
Native extension for Android target not found
Mono: successfully reloaded assembly
- Finished resetting the current domain, in  6.053 seconds
Domain Reload Profiling: 7799ms
	BeginReloadAssembly (564ms)
		ExecutionOrderSort (0ms)
		DisableScriptedObjects (13ms)
		BackupInstance (0ms)
		ReleaseScriptingObjects (0ms)
		CreateAndSetChildDomain (111ms)
	RebuildCommonClasses (145ms)
	RebuildNativeTypeToScriptingClass (45ms)
	initialDomainReloadingComplete (101ms)
	LoadAllAssembliesAndSetupDomain (890ms)
		LoadAssemblies (1144ms)
		RebuildTransferFunctionScriptingTraits (0ms)
		AnalyzeDomain (96ms)
			TypeCache.Refresh (34ms)
				TypeCache.ScanAssembly (3ms)
			ScanForSourceGeneratedMonoScriptInfo (27ms)
			ResolveRequiredComponents (29ms)
	FinalizeReload (6055ms)
		ReleaseScriptCaches (0ms)
		RebuildScriptCaches (0ms)
		SetupLoadedEditorAssemblies (2281ms)
			LogAssemblyErrors (0ms)
			InitializePlatformSupportModulesInManaged (112ms)
			SetLoadedEditorAssemblies (16ms)
			RefreshPlugins (0ms)
			BeforeProcessingInitializeOnLoad (358ms)
			ProcessInitializeOnLoadAttributes (1621ms)
			ProcessInitializeOnLoadMethodAttributes (114ms)
			AfterProcessingInitializeOnLoad (59ms)
			EditorAssembliesLoaded (1ms)
		ExecutionOrderSort2 (0ms)
		AwakeInstancesAfterBackupRestoration (34ms)
Refreshing native plugins compatible for Editor in 22.70 ms, found 3 plugins.
Preloading 0 native plugins for Editor in 0.00 ms.
Unloading 3673 Unused Serialized files (Serialized files now loaded: 0)
Unloading 17 unused Assets / (69.0 KB). Loaded Objects now: 4212.
Memory consumption went from 139.2 MB to 139.1 MB.
Total: 16.756900 ms (FindLiveObjects: 0.778700 ms CreateObjectMapping: 0.652200 ms MarkObjects: 15.100500 ms  DeleteObjects: 0.223300 ms)

Prepare: number of updated asset objects reloaded= 0
AssetImportParameters requested are different than current active one (requested -> active):
  custom:scripting/monoscript/fileName/ChannelSelector.cs: 787aa32b539868663942ded37c6d24ef -> 
  custom:scripting/monoscript/fileName/ChatAppIdCheckerUI.cs: 1bb8fafd3e2c10dfddf187c423c0f4b8 -> 
  custom:container-demuxer-ogg: 62fdf1f143b41e24485cea50d1cbac27 -> 
  custom:scripting/monoscript/fileName/IgnoreUiRaycastWhenInactive.cs: 64ae0ba0567ac5043ee479695fe7bd2b -> 
  custom:video-decoder-ogg-theora: a1e56fd34408186e4bbccfd4996cb3dc -> 
  custom:scripting/monoscript/fileName/NamePickGui.cs: 2c5392a37dc177dc65a116f98af1080e -> 
  custom:framework-win-MediaFoundation: 216162199b28c13a410421893ffa2e32 -> 
  custom:scripting/monoscript/fileName/EventSystemSpawner.cs: c525f40330ddc66d7e7f5297346da241 -> f408a55e814f245f8bc8085441fbe94b
  custom:scripting/monoscript/fileName/TextToggleIsOnTransition.cs: 326b9c727c304dd69fe51444f64a7721 -> 3e45da2cb510baa5765664ee499455b7
  custom:scripting/monoscript/fileName/ConnectAndJoinRandomLb.cs: 9dd47be72f766f78cbbffce9f8575ef1 -> 
  custom:CustomObjectIndexerAttribute: 9a22284fe3817be447336de3de66b15e -> 
  custom:scripting/monoscript/fileName/UIManager.cs: 2595dc2cbd41cc2d023a3ebb28d87e9e -> 
  custom:container-demuxer-webm: 4f35f7cbe854078d1ac9338744f61a02 -> 
  custom:scripting/monoscript/fileName/ConnectionToServer.cs: 45c574e5c9b772cabb297a72bb7f89d0 -> 
  custom:container-muxer-webm: aa71ff27fc2769a1b78a27578f13a17b -> 
  custom:scripting/monoscript/fileName/NetworkStatistic.cs: 440c12d493cdcccc0252d692ae1d6d09 -> 
  custom:video-decoder-webm-vp8: 9c59270c3fd7afecdb556c50c9e8de78 -> 
  custom:SearchIndexIgnoredProperties: e643bd26f0fe6173181afceb89e7c659 -> 
  custom:AudioImporter_EditorPlatform: d09bf68614088b80899f8185d706f6e7 -> 
  custom:scripting/monoscript/fileName/ChatGui.cs: 83ccb577c346edd301c0a35e11693dfd -> 
  custom:scripting/monoscript/fileName/TextButtonTransition.cs: 72f2c4484a6dc921aacef6b387422aa7 -> 72621123551f8416d26a631e33786da7
  custom:scripting/monoscript/fileName/AppSettingsExtensions.cs: 7eb3b190282e171c2845b1d8ee71ed5c -> 
  custom:scripting/monoscript/fileName/OnStartDelete.cs: ca7ff388213f651af9d8be5d8844a8f4 -> 020107d689eae9ab4a37b46ac589b3dd
  custom:video-encoder-webm-vp8: eb34c28f22e8b96e1ab97ce403110664 -> 
  custom:audio-decoder-ogg-vorbis: bf7c407c2cedff20999df2af8eb42d56 -> 
  custom:scripting/monoscript/fileName/SetPlayerName.cs: 6e28de29faf1867cf5da0d586d1099b2 -> 
  custom:scripting/monoscript/fileName/RoomItem.cs: 3216c049f7536d0a929a2dc83cbc9f2b -> 
  custom:scripting/monoscript/fileName/PlayerListItem.cs: 7f9c1637a7cb84e388bd70479ffac2cd -> 
  custom:audio-encoder-webm-vorbis: bf7c407c2cedff20999df2af8eb42d56 -> 
  custom:scripting/precompiled-assembly-types:Assembly-CSharp-Editor: bae848875a35fe96f09fcc9f4e534600 -> 
  custom:scripting/monoscript/fileName/FriendItem.cs: 7041a5cee458fd755b4167724bf865d2 -> 
  custom:scripting/precompiled-assembly-types:Assembly-CSharp: a36d84f8d6b6d17b3b58091725c7ca1b -> 
========================================================================
Received Prepare
Caller must complete domain reload
Begin MonoManager ReloadAssembly
- Loaded All Assemblies, in  2.602 seconds
Native extension for WindowsStandalone target not found
Native extension for Android target not found
Mono: successfully reloaded assembly
- Finished resetting the current domain, in  7.985 seconds
Domain Reload Profiling: 10575ms
	BeginReloadAssembly (880ms)
		ExecutionOrderSort (0ms)
		DisableScriptedObjects (16ms)
		BackupInstance (0ms)
		ReleaseScriptingObjects (0ms)
		CreateAndSetChildDomain (123ms)
	RebuildCommonClasses (121ms)
	RebuildNativeTypeToScriptingClass (39ms)
	initialDomainReloadingComplete (155ms)
	LoadAllAssembliesAndSetupDomain (1390ms)
		LoadAssemblies (1754ms)
		RebuildTransferFunctionScriptingTraits (0ms)
		AnalyzeDomain (149ms)
			TypeCache.Refresh (51ms)
				TypeCache.ScanAssembly (3ms)
			ScanForSourceGeneratedMonoScriptInfo (45ms)
			ResolveRequiredComponents (46ms)
	FinalizeReload (7990ms)
		ReleaseScriptCaches (0ms)
		RebuildScriptCaches (0ms)
		SetupLoadedEditorAssemblies (2272ms)
			LogAssemblyErrors (0ms)
			InitializePlatformSupportModulesInManaged (118ms)
			SetLoadedEditorAssemblies (22ms)
			RefreshPlugins (0ms)
			BeforeProcessingInitializeOnLoad (361ms)
			ProcessInitializeOnLoadAttributes (1601ms)
			ProcessInitializeOnLoadMethodAttributes (124ms)
			AfterProcessingInitializeOnLoad (45ms)
			EditorAssembliesLoaded (1ms)
		ExecutionOrderSort2 (0ms)
		AwakeInstancesAfterBackupRestoration (33ms)
Refreshing native plugins compatible for Editor in 26.71 ms, found 3 plugins.
Preloading 0 native plugins for Editor in 0.00 ms.
Unloading 3674 Unused Serialized files (Serialized files now loaded: 0)
Unloading 17 unused Assets / (77.1 KB). Loaded Objects now: 4216.
Memory consumption went from 139.5 MB to 139.4 MB.
Total: 10.939900 ms (FindLiveObjects: 1.675100 ms CreateObjectMapping: 0.938900 ms MarkObjects: 8.163800 ms  DeleteObjects: 0.159700 ms)

Prepare: number of updated asset objects reloaded= 0
AssetImportParameters requested are different than current active one (requested -> active):
  custom:scripting/monoscript/fileName/ChannelSelector.cs: 787aa32b539868663942ded37c6d24ef -> 
  custom:scripting/monoscript/fileName/ChatAppIdCheckerUI.cs: 1bb8fafd3e2c10dfddf187c423c0f4b8 -> 
  custom:container-demuxer-ogg: 62fdf1f143b41e24485cea50d1cbac27 -> 
  custom:scripting/monoscript/fileName/IgnoreUiRaycastWhenInactive.cs: 64ae0ba0567ac5043ee479695fe7bd2b -> 
  custom:video-decoder-ogg-theora: a1e56fd34408186e4bbccfd4996cb3dc -> 
  custom:scripting/monoscript/fileName/NamePickGui.cs: 2c5392a37dc177dc65a116f98af1080e -> 
  custom:framework-win-MediaFoundation: 216162199b28c13a410421893ffa2e32 -> 
  custom:scripting/monoscript/fileName/EventSystemSpawner.cs: c525f40330ddc66d7e7f5297346da241 -> f408a55e814f245f8bc8085441fbe94b
  custom:scripting/monoscript/fileName/TextToggleIsOnTransition.cs: 326b9c727c304dd69fe51444f64a7721 -> 3e45da2cb510baa5765664ee499455b7
  custom:scripting/monoscript/fileName/ConnectAndJoinRandomLb.cs: 9dd47be72f766f78cbbffce9f8575ef1 -> 
  custom:CustomObjectIndexerAttribute: 9a22284fe3817be447336de3de66b15e -> 
  custom:scripting/monoscript/fileName/UIManager.cs: 2595dc2cbd41cc2d023a3ebb28d87e9e -> 
  custom:container-demuxer-webm: 4f35f7cbe854078d1ac9338744f61a02 -> 
  custom:scripting/monoscript/fileName/ConnectionToServer.cs: 45c574e5c9b772cabb297a72bb7f89d0 -> 
  custom:container-muxer-webm: aa71ff27fc2769a1b78a27578f13a17b -> 
  custom:scripting/monoscript/fileName/NetworkStatistic.cs: 440c12d493cdcccc0252d692ae1d6d09 -> 
  custom:video-decoder-webm-vp8: 9c59270c3fd7afecdb556c50c9e8de78 -> 
  custom:SearchIndexIgnoredProperties: e643bd26f0fe6173181afceb89e7c659 -> 
  custom:AudioImporter_EditorPlatform: d09bf68614088b80899f8185d706f6e7 -> 
  custom:scripting/monoscript/fileName/ChatGui.cs: 83ccb577c346edd301c0a35e11693dfd -> 
  custom:scripting/monoscript/fileName/TextButtonTransition.cs: 72f2c4484a6dc921aacef6b387422aa7 -> 72621123551f8416d26a631e33786da7
  custom:scripting/monoscript/fileName/AppSettingsExtensions.cs: 7eb3b190282e171c2845b1d8ee71ed5c -> 
  custom:scripting/monoscript/fileName/OnStartDelete.cs: ca7ff388213f651af9d8be5d8844a8f4 -> 020107d689eae9ab4a37b46ac589b3dd
  custom:video-encoder-webm-vp8: eb34c28f22e8b96e1ab97ce403110664 -> 
  custom:audio-decoder-ogg-vorbis: bf7c407c2cedff20999df2af8eb42d56 -> 
  custom:scripting/monoscript/fileName/SetPlayerName.cs: 6e28de29faf1867cf5da0d586d1099b2 -> 
  custom:scripting/monoscript/fileName/RoomItem.cs: 3216c049f7536d0a929a2dc83cbc9f2b -> 
  custom:scripting/monoscript/fileName/PlayerListItem.cs: 7f9c1637a7cb84e388bd70479ffac2cd -> 
  custom:audio-encoder-webm-vorbis: bf7c407c2cedff20999df2af8eb42d56 -> 
  custom:scripting/precompiled-assembly-types:Assembly-CSharp-Editor: bae848875a35fe96f09fcc9f4e534600 -> 
  custom:scripting/monoscript/fileName/FriendItem.cs: 7041a5cee458fd755b4167724bf865d2 -> 
  custom:scripting/precompiled-assembly-types:Assembly-CSharp: a36d84f8d6b6d17b3b58091725c7ca1b -> 
========================================================================
Received Import Request.
  Time since last request: 1029.567957 seconds.
  path: Assets/Scripts/SetPlayerName.cs
  artifactKey: Guid(efc005ccf40fa7442be09b54172f2e55) Importer(815301076,1909f56bfc062723c751e8b465ee728b)
Start importing Assets/Scripts/SetPlayerName.cs using Guid(efc005ccf40fa7442be09b54172f2e55) Importer(815301076,1909f56bfc062723c751e8b465ee728b) [PhysX] Initialized MultithreadedTaskDispatcher with 8 workers.
 -> (artifact id: 'b65057e85eb2611be245d5ca42b58768') in 0.005429 seconds
Number of updated asset objects reloaded before import = 0
Number of asset objects unloaded after import = 0
========================================================================
Received Import Request.
  Time since last request: 23.096387 seconds.
  path: Assets/Scripts/SetPlayerName.cs
  artifactKey: Guid(efc005ccf40fa7442be09b54172f2e55) Importer(815301076,1909f56bfc062723c751e8b465ee728b)
Start importing Assets/Scripts/SetPlayerName.cs using Guid(efc005ccf40fa7442be09b54172f2e55) Importer(815301076,1909f56bfc062723c751e8b465ee728b) [PhysX] Initialized MultithreadedTaskDispatcher with 8 workers.
 -> (artifact id: '4f235a655181b81baa52b6afddfeee22') in 0.002440 seconds
Number of updated asset objects reloaded before import = 0
Number of asset objects unloaded after import = 0
========================================================================
Received Prepare
Caller must complete domain reload
Begin MonoManager ReloadAssembly
- Loaded All Assemblies, in  1.771 seconds
Native extension for WindowsStandalone target not found
Native extension for Android target not found
Mono: successfully reloaded assembly
- Finished resetting the current domain, in  5.120 seconds
Domain Reload Profiling: 6879ms
	BeginReloadAssembly (490ms)
		ExecutionOrderSort (0ms)
		DisableScriptedObjects (27ms)
		BackupInstance (0ms)
		ReleaseScriptingObjects (0ms)
		CreateAndSetChildDomain (90ms)
	RebuildCommonClasses (118ms)
	RebuildNativeTypeToScriptingClass (38ms)
	initialDomainReloadingComplete (110ms)
	LoadAllAssembliesAndSetupDomain (1000ms)
		LoadAssemblies (1209ms)
		RebuildTransferFunctionScriptingTraits (0ms)
		AnalyzeDomain (72ms)
			TypeCache.Refresh (27ms)
				TypeCache.ScanAssembly (0ms)
			ScanForSourceGeneratedMonoScriptInfo (0ms)
			ResolveRequiredComponents (39ms)
	FinalizeReload (5122ms)
		ReleaseScriptCaches (0ms)
		RebuildScriptCaches (0ms)
		SetupLoadedEditorAssemblies (1526ms)
			LogAssemblyErrors (0ms)
			InitializePlatformSupportModulesInManaged (159ms)
			SetLoadedEditorAssemblies (13ms)
			RefreshPlugins (0ms)
			BeforeProcessingInitializeOnLoad (232ms)
			ProcessInitializeOnLoadAttributes (1024ms)
			ProcessInitializeOnLoadMethodAttributes (67ms)
			AfterProcessingInitializeOnLoad (30ms)
			EditorAssembliesLoaded (0ms)
		ExecutionOrderSort2 (0ms)
		AwakeInstancesAfterBackupRestoration (23ms)
Refreshing native plugins compatible for Editor in 16.83 ms, found 3 plugins.
Preloading 0 native plugins for Editor in 0.00 ms.
Unloading 3673 Unused Serialized files (Serialized files now loaded: 0)
Unloading 17 unused Assets / (93.1 KB). Loaded Objects now: 4220.
Memory consumption went from 139.2 MB to 139.1 MB.
Total: 9.178300 ms (FindLiveObjects: 0.767100 ms CreateObjectMapping: 0.665600 ms MarkObjects: 7.524800 ms  DeleteObjects: 0.218300 ms)

Prepare: number of updated asset objects reloaded= 0
AssetImportParameters requested are different than current active one (requested -> active):
  custom:scripting/monoscript/fileName/ChannelSelector.cs: 787aa32b539868663942ded37c6d24ef -> 
  custom:scripting/monoscript/fileName/ChatAppIdCheckerUI.cs: 1bb8fafd3e2c10dfddf187c423c0f4b8 -> 
  custom:container-demuxer-ogg: 62fdf1f143b41e24485cea50d1cbac27 -> 
  custom:scripting/monoscript/fileName/IgnoreUiRaycastWhenInactive.cs: 64ae0ba0567ac5043ee479695fe7bd2b -> 
  custom:video-decoder-ogg-theora: a1e56fd34408186e4bbccfd4996cb3dc -> 
  custom:scripting/monoscript/fileName/NamePickGui.cs: 2c5392a37dc177dc65a116f98af1080e -> 
  custom:framework-win-MediaFoundation: 216162199b28c13a410421893ffa2e32 -> 
  custom:scripting/monoscript/fileName/EventSystemSpawner.cs: c525f40330ddc66d7e7f5297346da241 -> f408a55e814f245f8bc8085441fbe94b
  custom:scripting/monoscript/fileName/TextToggleIsOnTransition.cs: 326b9c727c304dd69fe51444f64a7721 -> 3e45da2cb510baa5765664ee499455b7
  custom:scripting/monoscript/fileName/ConnectAndJoinRandomLb.cs: 9dd47be72f766f78cbbffce9f8575ef1 -> 
  custom:CustomObjectIndexerAttribute: 9a22284fe3817be447336de3de66b15e -> 
  custom:scripting/monoscript/fileName/UIManager.cs: 2595dc2cbd41cc2d023a3ebb28d87e9e -> 
  custom:container-demuxer-webm: 4f35f7cbe854078d1ac9338744f61a02 -> 
  custom:scripting/monoscript/fileName/ConnectionToServer.cs: 45c574e5c9b772cabb297a72bb7f89d0 -> 
  custom:container-muxer-webm: aa71ff27fc2769a1b78a27578f13a17b -> 
  custom:scripting/monoscript/fileName/NetworkStatistic.cs: 440c12d493cdcccc0252d692ae1d6d09 -> 
  custom:video-decoder-webm-vp8: 9c59270c3fd7afecdb556c50c9e8de78 -> 
  custom:SearchIndexIgnoredProperties: e643bd26f0fe6173181afceb89e7c659 -> 
  custom:AudioImporter_EditorPlatform: d09bf68614088b80899f8185d706f6e7 -> 
  custom:scripting/monoscript/fileName/ChatGui.cs: 83ccb577c346edd301c0a35e11693dfd -> 
  custom:scripting/monoscript/fileName/TextButtonTransition.cs: 72f2c4484a6dc921aacef6b387422aa7 -> 72621123551f8416d26a631e33786da7
  custom:scripting/monoscript/fileName/AppSettingsExtensions.cs: 7eb3b190282e171c2845b1d8ee71ed5c -> 
  custom:scripting/monoscript/fileName/OnStartDelete.cs: ca7ff388213f651af9d8be5d8844a8f4 -> 020107d689eae9ab4a37b46ac589b3dd
  custom:video-encoder-webm-vp8: eb34c28f22e8b96e1ab97ce403110664 -> 
  custom:audio-decoder-ogg-vorbis: bf7c407c2cedff20999df2af8eb42d56 -> 
  custom:scripting/monoscript/fileName/SetPlayerName.cs: 6e28de29faf1867cf5da0d586d1099b2 -> 
  custom:scripting/monoscript/fileName/RoomItem.cs: 3216c049f7536d0a929a2dc83cbc9f2b -> 
  custom:scripting/monoscript/fileName/PlayerListItem.cs: 7f9c1637a7cb84e388bd70479ffac2cd -> 
  custom:audio-encoder-webm-vorbis: bf7c407c2cedff20999df2af8eb42d56 -> 
  custom:scripting/precompiled-assembly-types:Assembly-CSharp-Editor: bae848875a35fe96f09fcc9f4e534600 -> 
  custom:scripting/monoscript/fileName/FriendItem.cs: 7041a5cee458fd755b4167724bf865d2 -> 
  custom:scripting/precompiled-assembly-types:Assembly-CSharp: a36d84f8d6b6d17b3b58091725c7ca1b -> 
========================================================================
Received Prepare
Caller must complete domain reload
Begin MonoManager ReloadAssembly
- Loaded All Assemblies, in  1.931 seconds
Native extension for WindowsStandalone target not found
Native extension for Android target not found
Mono: successfully reloaded assembly
- Finished resetting the current domain, in  3.436 seconds
Domain Reload Profiling: 5342ms
	BeginReloadAssembly (516ms)
		ExecutionOrderSort (0ms)
		DisableScriptedObjects (12ms)
		BackupInstance (0ms)
		ReleaseScriptingObjects (0ms)
		CreateAndSetChildDomain (92ms)
	RebuildCommonClasses (132ms)
	RebuildNativeTypeToScriptingClass (39ms)
	initialDomainReloadingComplete (116ms)
	LoadAllAssembliesAndSetupDomain (1101ms)
		LoadAssemblies (1341ms)
		RebuildTransferFunctionScriptingTraits (0ms)
		AnalyzeDomain (92ms)
			TypeCache.Refresh (29ms)
				TypeCache.ScanAssembly (3ms)
			ScanForSourceGeneratedMonoScriptInfo (24ms)
			ResolveRequiredComponents (33ms)
	FinalizeReload (3438ms)
		ReleaseScriptCaches (0ms)
		RebuildScriptCaches (0ms)
		SetupLoadedEditorAssemblies (1467ms)
			LogAssemblyErrors (0ms)
			InitializePlatformSupportModulesInManaged (86ms)
			SetLoadedEditorAssemblies (10ms)
			RefreshPlugins (0ms)
			BeforeProcessingInitializeOnLoad (180ms)
			ProcessInitializeOnLoadAttributes (1093ms)
			ProcessInitializeOnLoadMethodAttributes (67ms)
			AfterProcessingInitializeOnLoad (31ms)
			EditorAssembliesLoaded (0ms)
		ExecutionOrderSort2 (0ms)
		AwakeInstancesAfterBackupRestoration (21ms)
Refreshing native plugins compatible for Editor in 16.92 ms, found 3 plugins.
Preloading 0 native plugins for Editor in 0.00 ms.
Unloading 3674 Unused Serialized files (Serialized files now loaded: 0)
Unloading 17 unused Assets / (77.2 KB). Loaded Objects now: 4224.
Memory consumption went from 139.5 MB to 139.4 MB.
Total: 11.692300 ms (FindLiveObjects: 0.614700 ms CreateObjectMapping: 1.370100 ms MarkObjects: 9.512200 ms  DeleteObjects: 0.191500 ms)

Prepare: number of updated asset objects reloaded= 0
AssetImportParameters requested are different than current active one (requested -> active):
  custom:scripting/monoscript/fileName/ChannelSelector.cs: 787aa32b539868663942ded37c6d24ef -> 
  custom:scripting/monoscript/fileName/ChatAppIdCheckerUI.cs: 1bb8fafd3e2c10dfddf187c423c0f4b8 -> 
  custom:container-demuxer-ogg: 62fdf1f143b41e24485cea50d1cbac27 -> 
  custom:scripting/monoscript/fileName/IgnoreUiRaycastWhenInactive.cs: 64ae0ba0567ac5043ee479695fe7bd2b -> 
  custom:video-decoder-ogg-theora: a1e56fd34408186e4bbccfd4996cb3dc -> 
  custom:scripting/monoscript/fileName/NamePickGui.cs: 2c5392a37dc177dc65a116f98af1080e -> 
  custom:framework-win-MediaFoundation: 216162199b28c13a410421893ffa2e32 -> 
  custom:scripting/monoscript/fileName/EventSystemSpawner.cs: c525f40330ddc66d7e7f5297346da241 -> f408a55e814f245f8bc8085441fbe94b
  custom:scripting/monoscript/fileName/TextToggleIsOnTransition.cs: 326b9c727c304dd69fe51444f64a7721 -> 3e45da2cb510baa5765664ee499455b7
  custom:scripting/monoscript/fileName/ConnectAndJoinRandomLb.cs: 9dd47be72f766f78cbbffce9f8575ef1 -> 
  custom:CustomObjectIndexerAttribute: 9a22284fe3817be447336de3de66b15e -> 
  custom:scripting/monoscript/fileName/UIManager.cs: 2595dc2cbd41cc2d023a3ebb28d87e9e -> 
  custom:container-demuxer-webm: 4f35f7cbe854078d1ac9338744f61a02 -> 
  custom:scripting/monoscript/fileName/ConnectionToServer.cs: 45c574e5c9b772cabb297a72bb7f89d0 -> 
  custom:container-muxer-webm: aa71ff27fc2769a1b78a27578f13a17b -> 
  custom:scripting/monoscript/fileName/NetworkStatistic.cs: 440c12d493cdcccc0252d692ae1d6d09 -> 
  custom:video-decoder-webm-vp8: 9c59270c3fd7afecdb556c50c9e8de78 -> 
  custom:SearchIndexIgnoredProperties: e643bd26f0fe6173181afceb89e7c659 -> 
  custom:AudioImporter_EditorPlatform: d09bf68614088b80899f8185d706f6e7 -> 
  custom:scripting/monoscript/fileName/ChatGui.cs: 83ccb577c346edd301c0a35e11693dfd -> 
  custom:scripting/monoscript/fileName/TextButtonTransition.cs: 72f2c4484a6dc921aacef6b387422aa7 -> 72621123551f8416d26a631e33786da7
  custom:scripting/monoscript/fileName/AppSettingsExtensions.cs: 7eb3b190282e171c2845b1d8ee71ed5c -> 
  custom:scripting/monoscript/fileName/OnStartDelete.cs: ca7ff388213f651af9d8be5d8844a8f4 -> 020107d689eae9ab4a37b46ac589b3dd
  custom:video-encoder-webm-vp8: eb34c28f22e8b96e1ab97ce403110664 -> 
  custom:audio-decoder-ogg-vorbis: bf7c407c2cedff20999df2af8eb42d56 -> 
  custom:scripting/monoscript/fileName/SetPlayerName.cs: 6e28de29faf1867cf5da0d586d1099b2 -> 
  custom:scripting/monoscript/fileName/RoomItem.cs: 3216c049f7536d0a929a2dc83cbc9f2b -> 
  custom:scripting/monoscript/fileName/PlayerListItem.cs: 7f9c1637a7cb84e388bd70479ffac2cd -> 
  custom:audio-encoder-webm-vorbis: bf7c407c2cedff20999df2af8eb42d56 -> 
  custom:scripting/precompiled-assembly-types:Assembly-CSharp-Editor: bae848875a35fe96f09fcc9f4e534600 -> 
  custom:scripting/monoscript/fileName/FriendItem.cs: 7041a5cee458fd755b4167724bf865d2 -> 
  custom:scripting/precompiled-assembly-types:Assembly-CSharp: a36d84f8d6b6d17b3b58091725c7ca1b -> 
========================================================================
Received Prepare
Caller must complete domain reload
Begin MonoManager ReloadAssembly
- Loaded All Assemblies, in  1.405 seconds
Native extension for WindowsStandalone target not found
Native extension for Android target not found
Mono: successfully reloaded assembly
- Finished resetting the current domain, in  3.173 seconds
Domain Reload Profiling: 4567ms
	BeginReloadAssembly (386ms)
		ExecutionOrderSort (0ms)
		DisableScriptedObjects (13ms)
		BackupInstance (0ms)
		ReleaseScriptingObjects (0ms)
		CreateAndSetChildDomain (71ms)
	RebuildCommonClasses (94ms)
	RebuildNativeTypeToScriptingClass (35ms)
	initialDomainReloadingComplete (103ms)
	LoadAllAssembliesAndSetupDomain (775ms)
		LoadAssemblies (919ms)
		RebuildTransferFunctionScriptingTraits (0ms)
		AnalyzeDomain (75ms)
			TypeCache.Refresh (24ms)
				TypeCache.ScanAssembly (3ms)
			ScanForSourceGeneratedMonoScriptInfo (22ms)
			ResolveRequiredComponents (25ms)
	FinalizeReload (3174ms)
		ReleaseScriptCaches (0ms)
		RebuildScriptCaches (0ms)
		SetupLoadedEditorAssemblies (1438ms)
			LogAssemblyErrors (0ms)
			InitializePlatformSupportModulesInManaged (64ms)
			SetLoadedEditorAssemblies (11ms)
			RefreshPlugins (0ms)
			BeforeProcessingInitializeOnLoad (198ms)
			ProcessInitializeOnLoadAttributes (1021ms)
			ProcessInitializeOnLoadMethodAttributes (103ms)
			AfterProcessingInitializeOnLoad (40ms)
			EditorAssembliesLoaded (0ms)
		ExecutionOrderSort2 (0ms)
		AwakeInstancesAfterBackupRestoration (24ms)
Refreshing native plugins compatible for Editor in 20.98 ms, found 3 plugins.
Preloading 0 native plugins for Editor in 0.00 ms.
Unloading 3674 Unused Serialized files (Serialized files now loaded: 0)
Unloading 17 unused Assets / (77.1 KB). Loaded Objects now: 4228.
Memory consumption went from 139.5 MB to 139.4 MB.
Total: 10.094600 ms (FindLiveObjects: 0.800100 ms CreateObjectMapping: 0.493200 ms MarkObjects: 8.635100 ms  DeleteObjects: 0.164300 ms)

Prepare: number of updated asset objects reloaded= 0
AssetImportParameters requested are different than current active one (requested -> active):
  custom:scripting/monoscript/fileName/ChannelSelector.cs: 787aa32b539868663942ded37c6d24ef -> 
  custom:scripting/monoscript/fileName/ChatAppIdCheckerUI.cs: 1bb8fafd3e2c10dfddf187c423c0f4b8 -> 
  custom:container-demuxer-ogg: 62fdf1f143b41e24485cea50d1cbac27 -> 
  custom:scripting/monoscript/fileName/IgnoreUiRaycastWhenInactive.cs: 64ae0ba0567ac5043ee479695fe7bd2b -> 
  custom:video-decoder-ogg-theora: a1e56fd34408186e4bbccfd4996cb3dc -> 
  custom:scripting/monoscript/fileName/NamePickGui.cs: 2c5392a37dc177dc65a116f98af1080e -> 
  custom:framework-win-MediaFoundation: 216162199b28c13a410421893ffa2e32 -> 
  custom:scripting/monoscript/fileName/EventSystemSpawner.cs: c525f40330ddc66d7e7f5297346da241 -> f408a55e814f245f8bc8085441fbe94b
  custom:scripting/monoscript/fileName/TextToggleIsOnTransition.cs: 326b9c727c304dd69fe51444f64a7721 -> 3e45da2cb510baa5765664ee499455b7
  custom:scripting/monoscript/fileName/ConnectAndJoinRandomLb.cs: 9dd47be72f766f78cbbffce9f8575ef1 -> 
  custom:CustomObjectIndexerAttribute: 9a22284fe3817be447336de3de66b15e -> 
  custom:scripting/monoscript/fileName/UIManager.cs: 2595dc2cbd41cc2d023a3ebb28d87e9e -> 
  custom:container-demuxer-webm: 4f35f7cbe854078d1ac9338744f61a02 -> 
  custom:scripting/monoscript/fileName/ConnectionToServer.cs: 45c574e5c9b772cabb297a72bb7f89d0 -> 
  custom:container-muxer-webm: aa71ff27fc2769a1b78a27578f13a17b -> 
  custom:scripting/monoscript/fileName/NetworkStatistic.cs: 440c12d493cdcccc0252d692ae1d6d09 -> 
  custom:video-decoder-webm-vp8: 9c59270c3fd7afecdb556c50c9e8de78 -> 
  custom:SearchIndexIgnoredProperties: e643bd26f0fe6173181afceb89e7c659 -> 
  custom:AudioImporter_EditorPlatform: d09bf68614088b80899f8185d706f6e7 -> 
  custom:scripting/monoscript/fileName/ChatGui.cs: 83ccb577c346edd301c0a35e11693dfd -> 
  custom:scripting/monoscript/fileName/TextButtonTransition.cs: 72f2c4484a6dc921aacef6b387422aa7 -> 72621123551f8416d26a631e33786da7
  custom:scripting/monoscript/fileName/AppSettingsExtensions.cs: 7eb3b190282e171c2845b1d8ee71ed5c -> 
  custom:scripting/monoscript/fileName/OnStartDelete.cs: ca7ff388213f651af9d8be5d8844a8f4 -> 020107d689eae9ab4a37b46ac589b3dd
  custom:video-encoder-webm-vp8: eb34c28f22e8b96e1ab97ce403110664 -> 
  custom:audio-decoder-ogg-vorbis: bf7c407c2cedff20999df2af8eb42d56 -> 
  custom:scripting/monoscript/fileName/SetPlayerName.cs: 6e28de29faf1867cf5da0d586d1099b2 -> 
  custom:scripting/monoscript/fileName/RoomItem.cs: 3216c049f7536d0a929a2dc83cbc9f2b -> 
  custom:scripting/monoscript/fileName/PlayerListItem.cs: 7f9c1637a7cb84e388bd70479ffac2cd -> 
  custom:audio-encoder-webm-vorbis: bf7c407c2cedff20999df2af8eb42d56 -> 
  custom:scripting/precompiled-assembly-types:Assembly-CSharp-Editor: bae848875a35fe96f09fcc9f4e534600 -> 
  custom:scripting/monoscript/fileName/FriendItem.cs: 7041a5cee458fd755b4167724bf865d2 -> 
  custom:scripting/precompiled-assembly-types:Assembly-CSharp: a36d84f8d6b6d17b3b58091725c7ca1b -> 
========================================================================
Received Import Request.
  Time since last request: 311.366553 seconds.
  path: Assets/Scripts/ConnectionToServer.cs
  artifactKey: Guid(7809a47f4af51474086c5e81dd0a7909) Importer(815301076,1909f56bfc062723c751e8b465ee728b)
Start importing Assets/Scripts/ConnectionToServer.cs using Guid(7809a47f4af51474086c5e81dd0a7909) Importer(815301076,1909f56bfc062723c751e8b465ee728b) [PhysX] Initialized MultithreadedTaskDispatcher with 8 workers.
 -> (artifact id: '39b89f9154d39293e1029ff911f9e325') in 0.004731 seconds
Number of updated asset objects reloaded before import = 0
Number of asset objects unloaded after import = 0
========================================================================
Received Prepare
Caller must complete domain reload
Begin MonoManager ReloadAssembly
- Loaded All Assemblies, in  2.111 seconds
Native extension for WindowsStandalone target not found
Native extension for Android target not found
Mono: successfully reloaded assembly
- Finished resetting the current domain, in  5.379 seconds
Domain Reload Profiling: 7477ms
	BeginReloadAssembly (726ms)
		ExecutionOrderSort (0ms)
		DisableScriptedObjects (15ms)
		BackupInstance (0ms)
		ReleaseScriptingObjects (0ms)
		CreateAndSetChildDomain (147ms)
	RebuildCommonClasses (136ms)
	RebuildNativeTypeToScriptingClass (44ms)
	initialDomainReloadingComplete (118ms)
	LoadAllAssembliesAndSetupDomain (1072ms)
		LoadAssemblies (1364ms)
		RebuildTransferFunctionScriptingTraits (0ms)
		AnalyzeDomain (162ms)
			TypeCache.Refresh (52ms)
				TypeCache.ScanAssembly (4ms)
			ScanForSourceGeneratedMonoScriptInfo (53ms)
			ResolveRequiredComponents (41ms)
	FinalizeReload (5381ms)
		ReleaseScriptCaches (0ms)
		RebuildScriptCaches (0ms)
		SetupLoadedEditorAssemblies (2051ms)
			LogAssemblyErrors (0ms)
			InitializePlatformSupportModulesInManaged (95ms)
			SetLoadedEditorAssemblies (13ms)
			RefreshPlugins (0ms)
			BeforeProcessingInitializeOnLoad (396ms)
			ProcessInitializeOnLoadAttributes (1422ms)
			ProcessInitializeOnLoadMethodAttributes (90ms)
			AfterProcessingInitializeOnLoad (34ms)
			EditorAssembliesLoaded (1ms)
		ExecutionOrderSort2 (0ms)
		AwakeInstancesAfterBackupRestoration (24ms)
Refreshing native plugins compatible for Editor in 21.77 ms, found 3 plugins.
Preloading 0 native plugins for Editor in 0.00 ms.
Unloading 3673 Unused Serialized files (Serialized files now loaded: 0)
Unloading 17 unused Assets / (77.0 KB). Loaded Objects now: 4232.
Memory consumption went from 139.2 MB to 139.2 MB.
Total: 12.768800 ms (FindLiveObjects: 0.734200 ms CreateObjectMapping: 0.819900 ms MarkObjects: 11.012100 ms  DeleteObjects: 0.200100 ms)

Prepare: number of updated asset objects reloaded= 0
AssetImportParameters requested are different than current active one (requested -> active):
  custom:scripting/monoscript/fileName/ChannelSelector.cs: 787aa32b539868663942ded37c6d24ef -> 
  custom:scripting/monoscript/fileName/ChatAppIdCheckerUI.cs: 1bb8fafd3e2c10dfddf187c423c0f4b8 -> 
  custom:container-demuxer-ogg: 62fdf1f143b41e24485cea50d1cbac27 -> 
  custom:scripting/monoscript/fileName/IgnoreUiRaycastWhenInactive.cs: 64ae0ba0567ac5043ee479695fe7bd2b -> 
  custom:video-decoder-ogg-theora: a1e56fd34408186e4bbccfd4996cb3dc -> 
  custom:scripting/monoscript/fileName/NamePickGui.cs: 2c5392a37dc177dc65a116f98af1080e -> 
  custom:framework-win-MediaFoundation: 216162199b28c13a410421893ffa2e32 -> 
  custom:scripting/monoscript/fileName/EventSystemSpawner.cs: c525f40330ddc66d7e7f5297346da241 -> f408a55e814f245f8bc8085441fbe94b
  custom:scripting/monoscript/fileName/TextToggleIsOnTransition.cs: 326b9c727c304dd69fe51444f64a7721 -> 3e45da2cb510baa5765664ee499455b7
  custom:scripting/monoscript/fileName/ConnectAndJoinRandomLb.cs: 9dd47be72f766f78cbbffce9f8575ef1 -> 
  custom:CustomObjectIndexerAttribute: 9a22284fe3817be447336de3de66b15e -> 
  custom:scripting/monoscript/fileName/UIManager.cs: 2595dc2cbd41cc2d023a3ebb28d87e9e -> 
  custom:container-demuxer-webm: 4f35f7cbe854078d1ac9338744f61a02 -> 
  custom:scripting/monoscript/fileName/ConnectionToServer.cs: 45c574e5c9b772cabb297a72bb7f89d0 -> 
  custom:container-muxer-webm: aa71ff27fc2769a1b78a27578f13a17b -> 
  custom:scripting/monoscript/fileName/NetworkStatistic.cs: 440c12d493cdcccc0252d692ae1d6d09 -> 
  custom:video-decoder-webm-vp8: 9c59270c3fd7afecdb556c50c9e8de78 -> 
  custom:SearchIndexIgnoredProperties: e643bd26f0fe6173181afceb89e7c659 -> 
  custom:AudioImporter_EditorPlatform: d09bf68614088b80899f8185d706f6e7 -> 
  custom:scripting/monoscript/fileName/ChatGui.cs: 83ccb577c346edd301c0a35e11693dfd -> 
  custom:scripting/monoscript/fileName/TextButtonTransition.cs: 72f2c4484a6dc921aacef6b387422aa7 -> 72621123551f8416d26a631e33786da7
  custom:scripting/monoscript/fileName/AppSettingsExtensions.cs: 7eb3b190282e171c2845b1d8ee71ed5c -> 
  custom:scripting/monoscript/fileName/OnStartDelete.cs: ca7ff388213f651af9d8be5d8844a8f4 -> 020107d689eae9ab4a37b46ac589b3dd
  custom:video-encoder-webm-vp8: eb34c28f22e8b96e1ab97ce403110664 -> 
  custom:audio-decoder-ogg-vorbis: bf7c407c2cedff20999df2af8eb42d56 -> 
  custom:scripting/monoscript/fileName/SetPlayerName.cs: 6e28de29faf1867cf5da0d586d1099b2 -> 
  custom:scripting/monoscript/fileName/RoomItem.cs: 3216c049f7536d0a929a2dc83cbc9f2b -> 
  custom:scripting/monoscript/fileName/PlayerListItem.cs: 7f9c1637a7cb84e388bd70479ffac2cd -> 
  custom:audio-encoder-webm-vorbis: bf7c407c2cedff20999df2af8eb42d56 -> 
  custom:scripting/precompiled-assembly-types:Assembly-CSharp-Editor: bae848875a35fe96f09fcc9f4e534600 -> 
  custom:scripting/monoscript/fileName/FriendItem.cs: 7041a5cee458fd755b4167724bf865d2 -> 
  custom:scripting/precompiled-assembly-types:Assembly-CSharp: a36d84f8d6b6d17b3b58091725c7ca1b -> 
========================================================================
Received Prepare
Refreshing native plugins compatible for Editor in 35.83 ms, found 3 plugins.
Preloading 0 native plugins for Editor in 0.00 ms.
Unloading 2 Unused Serialized files (Serialized files now loaded: 0)
Unloading 2 unused Assets / (52.8 KB). Loaded Objects now: 4232.
Memory consumption went from 82.6 MB to 82.6 MB.
Total: 37.099900 ms (FindLiveObjects: 0.694700 ms CreateObjectMapping: 0.668100 ms MarkObjects: 35.565200 ms  DeleteObjects: 0.169600 ms)

Prepare: number of updated asset objects reloaded= 0
AssetImportParameters requested are different than current active one (requested -> active):
  custom:scripting/monoscript/fileName/ChannelSelector.cs: 787aa32b539868663942ded37c6d24ef -> 
  custom:scripting/monoscript/fileName/ChatAppIdCheckerUI.cs: 1bb8fafd3e2c10dfddf187c423c0f4b8 -> 
  custom:container-demuxer-ogg: 62fdf1f143b41e24485cea50d1cbac27 -> 
  custom:scripting/monoscript/fileName/IgnoreUiRaycastWhenInactive.cs: 64ae0ba0567ac5043ee479695fe7bd2b -> 
  custom:video-decoder-ogg-theora: a1e56fd34408186e4bbccfd4996cb3dc -> 
  custom:scripting/monoscript/fileName/NamePickGui.cs: 2c5392a37dc177dc65a116f98af1080e -> 
  custom:framework-win-MediaFoundation: 216162199b28c13a410421893ffa2e32 -> 
  custom:scripting/monoscript/fileName/EventSystemSpawner.cs: c525f40330ddc66d7e7f5297346da241 -> f408a55e814f245f8bc8085441fbe94b
  custom:scripting/monoscript/fileName/TextToggleIsOnTransition.cs: 326b9c727c304dd69fe51444f64a7721 -> 3e45da2cb510baa5765664ee499455b7
  custom:scripting/monoscript/fileName/ConnectAndJoinRandomLb.cs: 9dd47be72f766f78cbbffce9f8575ef1 -> 
  custom:CustomObjectIndexerAttribute: 9a22284fe3817be447336de3de66b15e -> 
  custom:scripting/monoscript/fileName/UIManager.cs: 2595dc2cbd41cc2d023a3ebb28d87e9e -> 
  custom:container-demuxer-webm: 4f35f7cbe854078d1ac9338744f61a02 -> 
  custom:scripting/monoscript/fileName/ConnectionToServer.cs: 45c574e5c9b772cabb297a72bb7f89d0 -> 
  custom:container-muxer-webm: aa71ff27fc2769a1b78a27578f13a17b -> 
  custom:scripting/monoscript/fileName/NetworkStatistic.cs: 440c12d493cdcccc0252d692ae1d6d09 -> 
  custom:video-decoder-webm-vp8: 9c59270c3fd7afecdb556c50c9e8de78 -> 
  custom:SearchIndexIgnoredProperties: e643bd26f0fe6173181afceb89e7c659 -> 
  custom:AudioImporter_EditorPlatform: d09bf68614088b80899f8185d706f6e7 -> 
  custom:scripting/monoscript/fileName/ChatGui.cs: 83ccb577c346edd301c0a35e11693dfd -> 
  custom:scripting/monoscript/fileName/TextButtonTransition.cs: 72f2c4484a6dc921aacef6b387422aa7 -> 72621123551f8416d26a631e33786da7
  custom:scripting/monoscript/fileName/AppSettingsExtensions.cs: 7eb3b190282e171c2845b1d8ee71ed5c -> 
  custom:scripting/monoscript/fileName/OnStartDelete.cs: ca7ff388213f651af9d8be5d8844a8f4 -> 020107d689eae9ab4a37b46ac589b3dd
  custom:video-encoder-webm-vp8: eb34c28f22e8b96e1ab97ce403110664 -> 
  custom:audio-decoder-ogg-vorbis: bf7c407c2cedff20999df2af8eb42d56 -> 
  custom:scripting/monoscript/fileName/SetPlayerName.cs: 6e28de29faf1867cf5da0d586d1099b2 -> 
  custom:scripting/monoscript/fileName/RoomItem.cs: 3216c049f7536d0a929a2dc83cbc9f2b -> 
  custom:scripting/monoscript/fileName/PlayerListItem.cs: 7f9c1637a7cb84e388bd70479ffac2cd -> 
  custom:audio-encoder-webm-vorbis: bf7c407c2cedff20999df2af8eb42d56 -> 
  custom:scripting/precompiled-assembly-types:Assembly-CSharp-Editor: bae848875a35fe96f09fcc9f4e534600 -> 
  custom:scripting/monoscript/fileName/FriendItem.cs: 7041a5cee458fd755b4167724bf865d2 -> 
  custom:scripting/precompiled-assembly-types:Assembly-CSharp: a36d84f8d6b6d17b3b58091725c7ca1b -> 
